2020-03-04 09:00:30,754 [pool-1-thread-1][][][][][][][] WARN org.hibernate.engine.jdbc.spi.SqlExceptionHelper - SQL Error: 0, SQLState: 08S01
2020-03-04 09:00:33,756 [pool-1-thread-1][][][][][][][] ERROR org.hibernate.engine.jdbc.spi.SqlExceptionHelper - Communications link failure

Last packet sent to the server was 1 ms ago.
2020-03-04 09:00:33,821 [pool-1-thread-1][][][][][][][] ERROR org.springframework.scheduling.support.TaskUtils$LoggingErrorHandler - Unexpected error occurred in scheduled task.
org.springframework.transaction.CannotCreateTransactionException: Could not open JPA EntityManager for transaction; nested exception is javax.persistence.PersistenceException: org.hibernate.exception.JDBCConnectionException: Unable to acquire JDBC Connection
	at org.springframework.orm.jpa.JpaTransactionManager.doBegin(JpaTransactionManager.java:431) ~[spring-orm-4.2.5.RELEASE.jar:4.2.5.RELEASE]
	at org.springframework.transaction.support.AbstractPlatformTransactionManager.getTransaction(AbstractPlatformTransactionManager.java:373) ~[spring-tx-4.2.5.RELEASE.jar:4.2.5.RELEASE]
	at org.springframework.transaction.interceptor.TransactionAspectSupport.createTransactionIfNecessary(TransactionAspectSupport.java:427) ~[spring-tx-4.2.5.RELEASE.jar:4.2.5.RELEASE]
	at org.springframework.transaction.interceptor.TransactionAspectSupport.invokeWithinTransaction(TransactionAspectSupport.java:276) ~[spring-tx-4.2.5.RELEASE.jar:4.2.5.RELEASE]
	at org.springframework.transaction.interceptor.TransactionInterceptor.invoke(TransactionInterceptor.java:96) ~[spring-tx-4.2.5.RELEASE.jar:4.2.5.RELEASE]
	at org.springframework.aop.framework.ReflectiveMethodInvocation.proceed(ReflectiveMethodInvocation.java:179) ~[spring-aop-4.2.5.RELEASE.jar:4.2.5.RELEASE]
	at org.springframework.aop.framework.JdkDynamicAopProxy.invoke(JdkDynamicAopProxy.java:208) ~[spring-aop-4.2.5.RELEASE.jar:4.2.5.RELEASE]
	at com.sun.proxy.$Proxy86.runScheduler12AMTO1AM(Unknown Source) ~[na:na]
	at com.fuso.enterprise.ots.srv.rest.ws.service.OTSOrder_WsImpl.scheduleFixed12AM(OTSOrder_WsImpl.java:344) ~[ots-server-ws-18.25-SNAPSHOT.jar:na]
	at com.fuso.enterprise.ots.srv.rest.ws.service.OTSOrder_WsImpl$$FastClassBySpringCGLIB$$928c893c.invoke(<generated>) ~[ots-server-ws-18.25-SNAPSHOT.jar:na]
	at org.springframework.cglib.proxy.MethodProxy.invoke(MethodProxy.java:204) ~[spring-core-4.2.5.RELEASE.jar:4.2.5.RELEASE]
	at org.springframework.aop.framework.CglibAopProxy$CglibMethodInvocation.invokeJoinpoint(CglibAopProxy.java:720) ~[spring-aop-4.2.5.RELEASE.jar:4.2.5.RELEASE]
	at org.springframework.aop.framework.ReflectiveMethodInvocation.proceed(ReflectiveMethodInvocation.java:157) ~[spring-aop-4.2.5.RELEASE.jar:4.2.5.RELEASE]
	at org.springframework.validation.beanvalidation.MethodValidationInterceptor.invoke(MethodValidationInterceptor.java:139) ~[spring-context-4.2.5.RELEASE.jar:4.2.5.RELEASE]
	at org.springframework.aop.framework.ReflectiveMethodInvocation.proceed(ReflectiveMethodInvocation.java:179) ~[spring-aop-4.2.5.RELEASE.jar:4.2.5.RELEASE]
	at org.springframework.validation.beanvalidation.MethodValidationInterceptor.invoke(MethodValidationInterceptor.java:139) ~[spring-context-4.2.5.RELEASE.jar:4.2.5.RELEASE]
	at org.springframework.aop.framework.ReflectiveMethodInvocation.proceed(ReflectiveMethodInvocation.java:179) ~[spring-aop-4.2.5.RELEASE.jar:4.2.5.RELEASE]
	at org.springframework.aop.framework.CglibAopProxy$DynamicAdvisedInterceptor.intercept(CglibAopProxy.java:655) ~[spring-aop-4.2.5.RELEASE.jar:4.2.5.RELEASE]
	at com.fuso.enterprise.ots.srv.rest.ws.service.OTSOrder_WsImpl$$EnhancerBySpringCGLIB$$e3bf448.scheduleFixed12AM(<generated>) ~[ots-server-ws-18.25-SNAPSHOT.jar:na]
	at sun.reflect.NativeMethodAccessorImpl.invoke0(Native Method) ~[na:1.8.0_181]
	at sun.reflect.NativeMethodAccessorImpl.invoke(NativeMethodAccessorImpl.java:62) ~[na:1.8.0_181]
	at sun.reflect.DelegatingMethodAccessorImpl.invoke(DelegatingMethodAccessorImpl.java:43) ~[na:1.8.0_181]
	at java.lang.reflect.Method.invoke(Method.java:498) ~[na:1.8.0_181]
	at org.springframework.scheduling.support.ScheduledMethodRunnable.run(ScheduledMethodRunnable.java:65) ~[spring-context-4.2.5.RELEASE.jar:4.2.5.RELEASE]
	at org.springframework.scheduling.support.DelegatingErrorHandlingRunnable.run(DelegatingErrorHandlingRunnable.java:54) ~[spring-context-4.2.5.RELEASE.jar:4.2.5.RELEASE]
	at org.springframework.scheduling.concurrent.ReschedulingRunnable.run(ReschedulingRunnable.java:81) [spring-context-4.2.5.RELEASE.jar:4.2.5.RELEASE]
	at java.util.concurrent.Executors$RunnableAdapter.call(Executors.java:511) [na:1.8.0_181]
	at java.util.concurrent.FutureTask.run(FutureTask.java:266) [na:1.8.0_181]
	at java.util.concurrent.ScheduledThreadPoolExecutor$ScheduledFutureTask.access$201(ScheduledThreadPoolExecutor.java:180) [na:1.8.0_181]
	at java.util.concurrent.ScheduledThreadPoolExecutor$ScheduledFutureTask.run(ScheduledThreadPoolExecutor.java:293) [na:1.8.0_181]
	at java.util.concurrent.ThreadPoolExecutor.runWorker(ThreadPoolExecutor.java:1149) [na:1.8.0_181]
	at java.util.concurrent.ThreadPoolExecutor$Worker.run(ThreadPoolExecutor.java:624) [na:1.8.0_181]
	at java.lang.Thread.run(Thread.java:748) [na:1.8.0_181]
Caused by: javax.persistence.PersistenceException: org.hibernate.exception.JDBCConnectionException: Unable to acquire JDBC Connection
	at org.hibernate.jpa.spi.AbstractEntityManagerImpl.convert(AbstractEntityManagerImpl.java:1692) ~[hibernate-entitymanager-5.1.0.Final.jar:5.1.0.Final]
	at org.hibernate.jpa.spi.AbstractEntityManagerImpl.convert(AbstractEntityManagerImpl.java:1602) ~[hibernate-entitymanager-5.1.0.Final.jar:5.1.0.Final]
	at org.hibernate.jpa.spi.AbstractEntityManagerImpl.throwPersistenceException(AbstractEntityManagerImpl.java:1700) ~[hibernate-entitymanager-5.1.0.Final.jar:5.1.0.Final]
	at org.hibernate.jpa.internal.TransactionImpl.begin(TransactionImpl.java:48) ~[hibernate-entitymanager-5.1.0.Final.jar:5.1.0.Final]
	at org.springframework.orm.jpa.vendor.HibernateJpaDialect.beginTransaction(HibernateJpaDialect.java:170) ~[spring-orm-4.2.5.RELEASE.jar:4.2.5.RELEASE]
	at org.springframework.orm.jpa.JpaTransactionManager.doBegin(JpaTransactionManager.java:380) ~[spring-orm-4.2.5.RELEASE.jar:4.2.5.RELEASE]
	... 32 common frames omitted
Caused by: org.hibernate.exception.JDBCConnectionException: Unable to acquire JDBC Connection
	at org.hibernate.exception.internal.SQLStateConversionDelegate.convert(SQLStateConversionDelegate.java:115) ~[hibernate-core-5.1.0.Final.jar:5.1.0.Final]
	at org.hibernate.exception.internal.StandardSQLExceptionConverter.convert(StandardSQLExceptionConverter.java:42) ~[hibernate-core-5.1.0.Final.jar:5.1.0.Final]
	at org.hibernate.engine.jdbc.spi.SqlExceptionHelper.convert(SqlExceptionHelper.java:111) ~[hibernate-core-5.1.0.Final.jar:5.1.0.Final]
	at org.hibernate.engine.jdbc.spi.SqlExceptionHelper.convert(SqlExceptionHelper.java:97) ~[hibernate-core-5.1.0.Final.jar:5.1.0.Final]
	at org.hibernate.resource.jdbc.internal.LogicalConnectionManagedImpl.acquireConnectionIfNeeded(LogicalConnectionManagedImpl.java:87) ~[hibernate-core-5.1.0.Final.jar:5.1.0.Final]
	at org.hibernate.resource.jdbc.internal.LogicalConnectionManagedImpl.getPhysicalConnection(LogicalConnectionManagedImpl.java:109) ~[hibernate-core-5.1.0.Final.jar:5.1.0.Final]
	at org.hibernate.resource.jdbc.internal.LogicalConnectionManagedImpl.getConnectionForTransactionManagement(LogicalConnectionManagedImpl.java:227) ~[hibernate-core-5.1.0.Final.jar:5.1.0.Final]
	at org.hibernate.resource.jdbc.internal.LogicalConnectionManagedImpl.begin(LogicalConnectionManagedImpl.java:234) ~[hibernate-core-5.1.0.Final.jar:5.1.0.Final]
	at org.hibernate.resource.transaction.backend.jdbc.internal.JdbcResourceLocalTransactionCoordinatorImpl$TransactionDriverControlImpl.begin(JdbcResourceLocalTransactionCoordinatorImpl.java:214) ~[hibernate-core-5.1.0.Final.jar:5.1.0.Final]
	at org.hibernate.engine.transaction.internal.TransactionImpl.begin(TransactionImpl.java:52) ~[hibernate-core-5.1.0.Final.jar:5.1.0.Final]
	at org.hibernate.internal.SessionImpl.beginTransaction(SessionImpl.java:1525) ~[hibernate-core-5.1.0.Final.jar:5.1.0.Final]
	at org.hibernate.jpa.internal.TransactionImpl.begin(TransactionImpl.java:45) ~[hibernate-entitymanager-5.1.0.Final.jar:5.1.0.Final]
	... 34 common frames omitted
Caused by: com.mysql.jdbc.exceptions.jdbc4.CommunicationsException: Communications link failure

Last packet sent to the server was 1 ms ago.
	at sun.reflect.NativeConstructorAccessorImpl.newInstance0(Native Method) ~[na:1.8.0_181]
	at sun.reflect.NativeConstructorAccessorImpl.newInstance(NativeConstructorAccessorImpl.java:62) ~[na:1.8.0_181]
	at sun.reflect.DelegatingConstructorAccessorImpl.newInstance(DelegatingConstructorAccessorImpl.java:45) ~[na:1.8.0_181]
	at java.lang.reflect.Constructor.newInstance(Constructor.java:423) ~[na:1.8.0_181]
	at com.mysql.jdbc.Util.handleNewInstance(Util.java:406) ~[mysql-connector-java-5.1.6.jar:na]
	at com.mysql.jdbc.SQLError.createCommunicationsException(SQLError.java:1074) ~[mysql-connector-java-5.1.6.jar:na]
	at com.mysql.jdbc.ConnectionImpl.createNewIO(ConnectionImpl.java:2103) ~[mysql-connector-java-5.1.6.jar:na]
	at com.mysql.jdbc.ConnectionImpl.<init>(ConnectionImpl.java:718) ~[mysql-connector-java-5.1.6.jar:na]
	at com.mysql.jdbc.JDBC4Connection.<init>(JDBC4Connection.java:46) ~[mysql-connector-java-5.1.6.jar:na]
	at sun.reflect.NativeConstructorAccessorImpl.newInstance0(Native Method) ~[na:1.8.0_181]
	at sun.reflect.NativeConstructorAccessorImpl.newInstance(NativeConstructorAccessorImpl.java:62) ~[na:1.8.0_181]
	at sun.reflect.DelegatingConstructorAccessorImpl.newInstance(DelegatingConstructorAccessorImpl.java:45) ~[na:1.8.0_181]
	at java.lang.reflect.Constructor.newInstance(Constructor.java:423) ~[na:1.8.0_181]
	at com.mysql.jdbc.Util.handleNewInstance(Util.java:406) ~[mysql-connector-java-5.1.6.jar:na]
	at com.mysql.jdbc.ConnectionImpl.getInstance(ConnectionImpl.java:302) ~[mysql-connector-java-5.1.6.jar:na]
	at com.mysql.jdbc.NonRegisteringDriver.connect(NonRegisteringDriver.java:282) ~[mysql-connector-java-5.1.6.jar:na]
	at java.sql.DriverManager.getConnection(DriverManager.java:664) ~[na:1.8.0_181]
	at java.sql.DriverManager.getConnection(DriverManager.java:208) ~[na:1.8.0_181]
	at org.springframework.jdbc.datasource.DriverManagerDataSource.getConnectionFromDriverManager(DriverManagerDataSource.java:153) ~[spring-jdbc-4.2.5.RELEASE.jar:4.2.5.RELEASE]
	at org.springframework.jdbc.datasource.DriverManagerDataSource.getConnectionFromDriver(DriverManagerDataSource.java:144) ~[spring-jdbc-4.2.5.RELEASE.jar:4.2.5.RELEASE]
	at org.springframework.jdbc.datasource.AbstractDriverBasedDataSource.getConnectionFromDriver(AbstractDriverBasedDataSource.java:155) ~[spring-jdbc-4.2.5.RELEASE.jar:4.2.5.RELEASE]
	at org.springframework.jdbc.datasource.AbstractDriverBasedDataSource.getConnection(AbstractDriverBasedDataSource.java:120) ~[spring-jdbc-4.2.5.RELEASE.jar:4.2.5.RELEASE]
	at org.hibernate.engine.jdbc.connections.internal.DatasourceConnectionProviderImpl.getConnection(DatasourceConnectionProviderImpl.java:122) ~[hibernate-core-5.1.0.Final.jar:5.1.0.Final]
	at org.hibernate.internal.AbstractSessionImpl$NonContextualJdbcConnectionAccess.obtainConnection(AbstractSessionImpl.java:386) ~[hibernate-core-5.1.0.Final.jar:5.1.0.Final]
	at org.hibernate.resource.jdbc.internal.LogicalConnectionManagedImpl.acquireConnectionIfNeeded(LogicalConnectionManagedImpl.java:84) ~[hibernate-core-5.1.0.Final.jar:5.1.0.Final]
	... 41 common frames omitted
Caused by: java.net.SocketException: Network is unreachable: connect
	at java.net.DualStackPlainSocketImpl.connect0(Native Method) ~[na:1.8.0_181]
	at java.net.DualStackPlainSocketImpl.socketConnect(DualStackPlainSocketImpl.java:79) ~[na:1.8.0_181]
	at java.net.AbstractPlainSocketImpl.doConnect(AbstractPlainSocketImpl.java:350) ~[na:1.8.0_181]
	at java.net.AbstractPlainSocketImpl.connectToAddress(AbstractPlainSocketImpl.java:206) ~[na:1.8.0_181]
	at java.net.AbstractPlainSocketImpl.connect(AbstractPlainSocketImpl.java:188) ~[na:1.8.0_181]
	at java.net.PlainSocketImpl.connect(PlainSocketImpl.java:172) ~[na:1.8.0_181]
	at java.net.SocksSocketImpl.connect(SocksSocketImpl.java:392) ~[na:1.8.0_181]
	at java.net.Socket.connect(Socket.java:589) ~[na:1.8.0_181]
	at java.net.Socket.connect(Socket.java:538) ~[na:1.8.0_181]
	at java.net.Socket.<init>(Socket.java:434) ~[na:1.8.0_181]
	at java.net.Socket.<init>(Socket.java:244) ~[na:1.8.0_181]
	at com.mysql.jdbc.StandardSocketFactory.connect(StandardSocketFactory.java:253) ~[mysql-connector-java-5.1.6.jar:na]
	at com.mysql.jdbc.MysqlIO.<init>(MysqlIO.java:280) ~[mysql-connector-java-5.1.6.jar:na]
	at com.mysql.jdbc.ConnectionImpl.createNewIO(ConnectionImpl.java:2026) ~[mysql-connector-java-5.1.6.jar:na]
	... 59 common frames omitted
2020-03-04 17:41:25,978 [Scanner-0][][][][][][][] INFO org.springframework.web.context.support.XmlWebApplicationContext - Closing WebApplicationContext for namespace 'mvc-servlet': startup date [Tue Mar 03 20:34:08 IST 2020]; parent: Root WebApplicationContext
2020-03-04 17:41:26,003 [Scanner-0][][][][][][][] INFO org.springframework.web.context.support.XmlWebApplicationContext - Closing Root WebApplicationContext: startup date [Tue Mar 03 20:34:06 IST 2020]; parent: Root WebApplicationContext
2020-03-04 17:41:26,032 [Scanner-0][][][][][][][] INFO org.springframework.web.context.support.XmlWebApplicationContext - Closing Root WebApplicationContext: startup date [Tue Mar 03 20:33:59 IST 2020]; root of context hierarchy
2020-03-04 17:41:26,045 [Scanner-0][][][][][][][] INFO org.springframework.orm.jpa.LocalContainerEntityManagerFactoryBean - Closing JPA EntityManagerFactory for persistence unit 'iptModel'
2020-03-04 17:41:36,573 [Scanner-0][][][][][][][] INFO org.springframework.web.context.ContextLoader - Root WebApplicationContext: initialization started
2020-03-04 17:41:36,668 [Scanner-0][][][][][][][] INFO org.springframework.web.context.support.XmlWebApplicationContext - Refreshing Root WebApplicationContext: startup date [Wed Mar 04 17:41:36 IST 2020]; root of context hierarchy
2020-03-04 17:41:36,713 [Scanner-0][][][][][][][] INFO org.springframework.beans.factory.xml.XmlBeanDefinitionReader - Loading XML bean definitions from ServletContext resource [/WEB-INF/applicationContext.xml]
2020-03-04 17:41:36,744 [Scanner-0][][][][][][][] INFO org.springframework.beans.factory.xml.XmlBeanDefinitionReader - Loading XML bean definitions from URL [jar:file:/C:/Users/SERAJKU/.m2/repository/com/fuso/enterprise/ots/ots-server/18.25-SNAPSHOT/ots-server-18.25-SNAPSHOT.jar!/META-INF/spring/ipt-service-context.xml]
2020-03-04 17:41:37,101 [Scanner-0][][][][][][][] INFO org.springframework.beans.factory.xml.XmlBeanDefinitionReader - Loading XML bean definitions from URL [jar:file:/C:/Users/SERAJKU/.m2/repository/com/fuso/enterprise/ots/ots-server-common/18.25-SNAPSHOT/ots-server-common-18.25-SNAPSHOT.jar!/META-INF/spring/ipt-app-config-context.xml]
2020-03-04 17:41:37,120 [Scanner-0][][][][][][][] INFO org.springframework.beans.factory.xml.XmlBeanDefinitionReader - Loading XML bean definitions from URL [jar:file:/C:/Users/SERAJKU/.m2/repository/com/fuso/enterprise/ots/ots-server-common/18.25-SNAPSHOT/ots-server-common-18.25-SNAPSHOT.jar!/META-INF/spring/validation-context.xml]
2020-03-04 17:41:37,165 [Scanner-0][][][][][][][] INFO org.springframework.beans.factory.xml.XmlBeanDefinitionReader - Loading XML bean definitions from URL [jar:file:/C:/Users/SERAJKU/.m2/repository/com/fuso/enterprise/ots/ots-server-common/18.25-SNAPSHOT/ots-server-common-18.25-SNAPSHOT.jar!/META-INF/spring/ipt-dao-context.xml]
2020-03-04 17:41:37,196 [Scanner-0][][][][][][][] INFO org.springframework.beans.factory.xml.XmlBeanDefinitionReader - Loading XML bean definitions from URL [jar:file:/C:/Users/SERAJKU/.m2/repository/com/fuso/enterprise/ots/ots-server-common/18.25-SNAPSHOT/ots-server-common-18.25-SNAPSHOT.jar!/META-INF/spring/validation-context.xml]
2020-03-04 17:41:37,205 [Scanner-0][][][][][][][] INFO org.springframework.beans.factory.xml.XmlBeanDefinitionReader - Loading XML bean definitions from URL [jar:file:/C:/Users/SERAJKU/.m2/repository/com/fuso/enterprise/ots/ots-server-ws/18.25-SNAPSHOT/ots-server-ws-18.25-SNAPSHOT.jar!/META-INF/spring/ipt-ws-service-context.xml]
2020-03-04 17:41:37,765 [Scanner-0][][][][][][][] INFO org.springframework.beans.factory.config.PropertiesFactoryBean - Loading properties file from class path resource [ots/app-config.properties]
2020-03-04 17:41:37,766 [Scanner-0][][][][][][][] INFO org.springframework.beans.factory.config.PropertiesFactoryBean - Loading properties file from class path resource [ots/env-config.properties]
2020-03-04 17:41:37,798 [Scanner-0][][][][][][][] INFO org.springframework.beans.factory.annotation.AutowiredAnnotationBeanPostProcessor - JSR-330 'javax.inject.Inject' annotation found and supported for autowiring
2020-03-04 17:41:37,921 [Scanner-0][][][][][][][] INFO org.hibernate.validator.internal.util.Version - HV000001: Hibernate Validator 5.2.4.Final
2020-03-04 17:41:38,122 [Scanner-0][][][][][][][] INFO org.springframework.context.support.PostProcessorRegistrationDelegate$BeanPostProcessorChecker - Bean 'validatorFactory' of type [class org.springframework.validation.beanvalidation.LocalValidatorFactoryBean] is not eligible for getting processed by all BeanPostProcessors (for example: not eligible for auto-proxying)
2020-03-04 17:41:38,346 [Scanner-0][][][][][][][] INFO org.springframework.jdbc.datasource.DriverManagerDataSource - Loaded JDBC driver: com.mysql.jdbc.Driver
2020-03-04 17:41:38,482 [Scanner-0][][][][][][][] INFO org.springframework.orm.jpa.LocalContainerEntityManagerFactoryBean - Building JPA container EntityManagerFactory for persistence unit 'iptModel'
2020-03-04 17:41:38,511 [Scanner-0][][][][][][][] INFO org.hibernate.jpa.internal.util.LogHelper - HHH000204: Processing PersistenceUnitInfo [
	name: iptModel
	...]
2020-03-04 17:41:38,640 [Scanner-0][][][][][][][] INFO org.hibernate.Version - HHH000412: Hibernate Core {5.1.0.Final}
2020-03-04 17:41:38,644 [Scanner-0][][][][][][][] INFO org.hibernate.cfg.Environment - HHH000206: hibernate.properties not found
2020-03-04 17:41:38,646 [Scanner-0][][][][][][][] INFO org.hibernate.cfg.Environment - HHH000021: Bytecode provider name : javassist
2020-03-04 17:41:38,709 [Scanner-0][][][][][][][] INFO org.hibernate.annotations.common.Version - HCANN000001: Hibernate Commons Annotations {5.0.1.Final}
2020-03-04 17:41:39,077 [Scanner-0][][][][][][][] INFO org.hibernate.dialect.Dialect - HHH000400: Using dialect: org.hibernate.dialect.SQLServerDialect
2020-03-04 17:41:39,112 [Scanner-0][][][][][][][] INFO org.hibernate.engine.jdbc.env.internal.LobCreatorBuilderImpl - HHH000422: Disabling contextual LOB creation as connection was null
2020-03-04 17:41:40,497 [Scanner-0][][][][][][][] INFO org.hibernate.hql.internal.QueryTranslatorFactoryInitiator - HHH000397: Using ASTQueryTranslatorFactory
2020-03-04 17:41:42,098 [Scanner-0][][][][][][][] INFO org.springframework.web.servlet.handler.SimpleUrlHandlerMapping - Mapped URL path [/swagger-ui/**] onto handler of type [class org.springframework.web.servlet.resource.ResourceHttpRequestHandler]
2020-03-04 17:41:42,099 [Scanner-0][][][][][][][] INFO org.springframework.web.servlet.handler.SimpleUrlHandlerMapping - Mapped URL path [/resources/**] onto handler of type [class org.springframework.web.servlet.resource.ResourceHttpRequestHandler]
2020-03-04 17:41:42,099 [Scanner-0][][][][][][][] INFO org.springframework.web.servlet.handler.SimpleUrlHandlerMapping - Mapped URL path [/bomchildparts/**] onto handler of type [class org.springframework.web.servlet.resource.ResourceHttpRequestHandler]
2020-03-04 17:41:42,523 [Scanner-0][][][][][][][] INFO org.springframework.web.servlet.mvc.method.annotation.RequestMappingHandlerAdapter - Looking for @ControllerAdvice: Root WebApplicationContext: startup date [Wed Mar 04 17:41:36 IST 2020]; root of context hierarchy
2020-03-04 17:41:42,844 [Scanner-0][][][][][][][] INFO org.springframework.web.context.ContextLoader - Root WebApplicationContext: initialization completed in 6267 ms
2020-03-04 17:41:43,136 [Scanner-0][][][][][][][] INFO org.springframework.web.context.support.XmlWebApplicationContext - Refreshing Root WebApplicationContext: startup date [Wed Mar 04 17:41:43 IST 2020]; parent: Root WebApplicationContext
2020-03-04 17:41:43,137 [Scanner-0][][][][][][][] INFO org.springframework.beans.factory.xml.XmlBeanDefinitionReader - Loading XML bean definitions from class path resource [META-INF/cxf/cxf.xml]
2020-03-04 17:41:43,149 [Scanner-0][][][][][][][] INFO org.springframework.beans.factory.xml.XmlBeanDefinitionReader - Loading XML bean definitions from URL [file:/C:/MANOJ/Vendor_api/workSpace/Vendor_System/ots-server-war/src/main/webapp/WEB-INF/jaxrs-cxf-servlet.xml]
2020-03-04 17:41:43,177 [Scanner-0][][][][][][][] INFO org.springframework.beans.factory.xml.XmlBeanDefinitionReader - Loading XML bean definitions from class path resource [META-INF/spring/ipt-app-config-context.xml]
2020-03-04 17:41:43,196 [Scanner-0][][][][][][][] INFO org.springframework.beans.factory.xml.XmlBeanDefinitionReader - Loading XML bean definitions from URL [jar:file:/C:/Users/SERAJKU/.m2/repository/com/fuso/enterprise/ots/ots-server-common/18.25-SNAPSHOT/ots-server-common-18.25-SNAPSHOT.jar!/META-INF/spring/validation-context.xml]
2020-03-04 17:41:43,223 [Scanner-0][][][][][][][] INFO org.springframework.beans.factory.xml.XmlBeanDefinitionReader - Loading XML bean definitions from class path resource [META-INF/cxf/cxf.xml]
2020-03-04 17:41:43,304 [Scanner-0][][][][][][][] INFO org.springframework.beans.factory.config.PropertiesFactoryBean - Loading properties file from class path resource [ots/app-config.properties]
2020-03-04 17:41:43,305 [Scanner-0][][][][][][][] INFO org.springframework.beans.factory.config.PropertiesFactoryBean - Loading properties file from class path resource [ots/env-config.properties]
2020-03-04 17:41:43,310 [Scanner-0][][][][][][][] INFO org.springframework.beans.factory.annotation.AutowiredAnnotationBeanPostProcessor - JSR-330 'javax.inject.Inject' annotation found and supported for autowiring
2020-03-04 17:41:43,328 [Scanner-0][][][][][][][] INFO org.springframework.context.support.PostProcessorRegistrationDelegate$BeanPostProcessorChecker - Bean 'validatorFactory' of type [class org.springframework.validation.beanvalidation.LocalValidatorFactoryBean] is not eligible for getting processed by all BeanPostProcessors (for example: not eligible for auto-proxying)
2020-03-04 17:41:43,965 [Scanner-0][][][][][][][] INFO org.apache.cxf.endpoint.ServerImpl - Setting the server's publish address to be /v18_1
2020-03-04 17:41:44,116 [Scanner-0][][][][][][][] INFO org.reflections.Reflections - Reflections took 21 ms to scan 1 urls, producing 48 keys and 75 values 
2020-03-04 17:41:44,424 [Scanner-0][][][][][][][] INFO org.springframework.web.servlet.DispatcherServlet - FrameworkServlet 'mvc': initialization started
2020-03-04 17:41:44,427 [Scanner-0][][][][][][][] INFO org.springframework.web.context.support.XmlWebApplicationContext - Refreshing WebApplicationContext for namespace 'mvc-servlet': startup date [Wed Mar 04 17:41:44 IST 2020]; parent: Root WebApplicationContext
2020-03-04 17:41:44,427 [Scanner-0][][][][][][][] INFO org.springframework.beans.factory.xml.XmlBeanDefinitionReader - Loading XML bean definitions from ServletContext resource [/WEB-INF/mvc-servlet.xml]
2020-03-04 17:41:44,448 [Scanner-0][][][][][][][] INFO org.springframework.web.servlet.DispatcherServlet - FrameworkServlet 'mvc': initialization completed in 24 ms
2020-03-04 17:44:06,689 [Scanner-0][][][][][][][] INFO org.springframework.web.context.support.XmlWebApplicationContext - Closing WebApplicationContext for namespace 'mvc-servlet': startup date [Wed Mar 04 17:41:44 IST 2020]; parent: Root WebApplicationContext
2020-03-04 17:44:06,691 [Scanner-0][][][][][][][] INFO org.springframework.web.context.support.XmlWebApplicationContext - Closing Root WebApplicationContext: startup date [Wed Mar 04 17:41:43 IST 2020]; parent: Root WebApplicationContext
2020-03-04 17:44:06,696 [Scanner-0][][][][][][][] INFO org.springframework.web.context.support.XmlWebApplicationContext - Closing Root WebApplicationContext: startup date [Wed Mar 04 17:41:36 IST 2020]; root of context hierarchy
2020-03-04 17:44:06,698 [Scanner-0][][][][][][][] INFO org.springframework.orm.jpa.LocalContainerEntityManagerFactoryBean - Closing JPA EntityManagerFactory for persistence unit 'iptModel'
2020-03-04 17:44:16,688 [Scanner-0][][][][][][][] INFO org.springframework.web.context.ContextLoader - Root WebApplicationContext: initialization started
2020-03-04 17:44:16,764 [Scanner-0][][][][][][][] INFO org.springframework.web.context.support.XmlWebApplicationContext - Refreshing Root WebApplicationContext: startup date [Wed Mar 04 17:44:16 IST 2020]; root of context hierarchy
2020-03-04 17:44:16,802 [Scanner-0][][][][][][][] INFO org.springframework.beans.factory.xml.XmlBeanDefinitionReader - Loading XML bean definitions from ServletContext resource [/WEB-INF/applicationContext.xml]
2020-03-04 17:44:16,833 [Scanner-0][][][][][][][] INFO org.springframework.beans.factory.xml.XmlBeanDefinitionReader - Loading XML bean definitions from URL [jar:file:/C:/Users/SERAJKU/.m2/repository/com/fuso/enterprise/ots/ots-server/18.25-SNAPSHOT/ots-server-18.25-SNAPSHOT.jar!/META-INF/spring/ipt-service-context.xml]
2020-03-04 17:44:17,152 [Scanner-0][][][][][][][] INFO org.springframework.beans.factory.xml.XmlBeanDefinitionReader - Loading XML bean definitions from URL [jar:file:/C:/Users/SERAJKU/.m2/repository/com/fuso/enterprise/ots/ots-server-common/18.25-SNAPSHOT/ots-server-common-18.25-SNAPSHOT.jar!/META-INF/spring/ipt-app-config-context.xml]
2020-03-04 17:44:17,165 [Scanner-0][][][][][][][] INFO org.springframework.beans.factory.xml.XmlBeanDefinitionReader - Loading XML bean definitions from URL [jar:file:/C:/Users/SERAJKU/.m2/repository/com/fuso/enterprise/ots/ots-server-common/18.25-SNAPSHOT/ots-server-common-18.25-SNAPSHOT.jar!/META-INF/spring/validation-context.xml]
2020-03-04 17:44:17,203 [Scanner-0][][][][][][][] INFO org.springframework.beans.factory.xml.XmlBeanDefinitionReader - Loading XML bean definitions from URL [jar:file:/C:/Users/SERAJKU/.m2/repository/com/fuso/enterprise/ots/ots-server-common/18.25-SNAPSHOT/ots-server-common-18.25-SNAPSHOT.jar!/META-INF/spring/ipt-dao-context.xml]
2020-03-04 17:44:17,233 [Scanner-0][][][][][][][] INFO org.springframework.beans.factory.xml.XmlBeanDefinitionReader - Loading XML bean definitions from URL [jar:file:/C:/Users/SERAJKU/.m2/repository/com/fuso/enterprise/ots/ots-server-common/18.25-SNAPSHOT/ots-server-common-18.25-SNAPSHOT.jar!/META-INF/spring/validation-context.xml]
2020-03-04 17:44:17,242 [Scanner-0][][][][][][][] INFO org.springframework.beans.factory.xml.XmlBeanDefinitionReader - Loading XML bean definitions from URL [jar:file:/C:/Users/SERAJKU/.m2/repository/com/fuso/enterprise/ots/ots-server-ws/18.25-SNAPSHOT/ots-server-ws-18.25-SNAPSHOT.jar!/META-INF/spring/ipt-ws-service-context.xml]
2020-03-04 17:44:17,780 [Scanner-0][][][][][][][] INFO org.springframework.beans.factory.config.PropertiesFactoryBean - Loading properties file from class path resource [ots/app-config.properties]
2020-03-04 17:44:17,781 [Scanner-0][][][][][][][] INFO org.springframework.beans.factory.config.PropertiesFactoryBean - Loading properties file from class path resource [ots/env-config.properties]
2020-03-04 17:44:17,811 [Scanner-0][][][][][][][] INFO org.springframework.beans.factory.annotation.AutowiredAnnotationBeanPostProcessor - JSR-330 'javax.inject.Inject' annotation found and supported for autowiring
2020-03-04 17:44:17,941 [Scanner-0][][][][][][][] INFO org.hibernate.validator.internal.util.Version - HV000001: Hibernate Validator 5.2.4.Final
2020-03-04 17:44:18,285 [Scanner-0][][][][][][][] INFO org.springframework.context.support.PostProcessorRegistrationDelegate$BeanPostProcessorChecker - Bean 'validatorFactory' of type [class org.springframework.validation.beanvalidation.LocalValidatorFactoryBean] is not eligible for getting processed by all BeanPostProcessors (for example: not eligible for auto-proxying)
2020-03-04 17:44:18,484 [Scanner-0][][][][][][][] INFO org.springframework.jdbc.datasource.DriverManagerDataSource - Loaded JDBC driver: com.mysql.jdbc.Driver
2020-03-04 17:44:18,543 [Scanner-0][][][][][][][] INFO org.springframework.orm.jpa.LocalContainerEntityManagerFactoryBean - Building JPA container EntityManagerFactory for persistence unit 'iptModel'
2020-03-04 17:44:18,575 [Scanner-0][][][][][][][] INFO org.hibernate.jpa.internal.util.LogHelper - HHH000204: Processing PersistenceUnitInfo [
	name: iptModel
	...]
2020-03-04 17:44:18,685 [Scanner-0][][][][][][][] INFO org.hibernate.Version - HHH000412: Hibernate Core {5.1.0.Final}
2020-03-04 17:44:18,689 [Scanner-0][][][][][][][] INFO org.hibernate.cfg.Environment - HHH000206: hibernate.properties not found
2020-03-04 17:44:18,690 [Scanner-0][][][][][][][] INFO org.hibernate.cfg.Environment - HHH000021: Bytecode provider name : javassist
2020-03-04 17:44:18,743 [Scanner-0][][][][][][][] INFO org.hibernate.annotations.common.Version - HCANN000001: Hibernate Commons Annotations {5.0.1.Final}
2020-03-04 17:44:19,126 [Scanner-0][][][][][][][] INFO org.hibernate.dialect.Dialect - HHH000400: Using dialect: org.hibernate.dialect.SQLServerDialect
2020-03-04 17:44:19,159 [Scanner-0][][][][][][][] INFO org.hibernate.engine.jdbc.env.internal.LobCreatorBuilderImpl - HHH000422: Disabling contextual LOB creation as connection was null
2020-03-04 17:44:21,161 [Scanner-0][][][][][][][] INFO org.hibernate.hql.internal.QueryTranslatorFactoryInitiator - HHH000397: Using ASTQueryTranslatorFactory
2020-03-04 17:44:22,945 [Scanner-0][][][][][][][] INFO org.springframework.web.servlet.handler.SimpleUrlHandlerMapping - Mapped URL path [/swagger-ui/**] onto handler of type [class org.springframework.web.servlet.resource.ResourceHttpRequestHandler]
2020-03-04 17:44:22,945 [Scanner-0][][][][][][][] INFO org.springframework.web.servlet.handler.SimpleUrlHandlerMapping - Mapped URL path [/resources/**] onto handler of type [class org.springframework.web.servlet.resource.ResourceHttpRequestHandler]
2020-03-04 17:44:22,945 [Scanner-0][][][][][][][] INFO org.springframework.web.servlet.handler.SimpleUrlHandlerMapping - Mapped URL path [/bomchildparts/**] onto handler of type [class org.springframework.web.servlet.resource.ResourceHttpRequestHandler]
2020-03-04 17:44:23,413 [Scanner-0][][][][][][][] INFO org.springframework.web.servlet.mvc.method.annotation.RequestMappingHandlerAdapter - Looking for @ControllerAdvice: Root WebApplicationContext: startup date [Wed Mar 04 17:44:16 IST 2020]; root of context hierarchy
2020-03-04 17:44:23,702 [Scanner-0][][][][][][][] INFO org.springframework.web.context.ContextLoader - Root WebApplicationContext: initialization completed in 7011 ms
2020-03-04 17:44:24,839 [Scanner-0][][][][][][][] INFO org.springframework.web.context.support.XmlWebApplicationContext - Refreshing Root WebApplicationContext: startup date [Wed Mar 04 17:44:24 IST 2020]; parent: Root WebApplicationContext
2020-03-04 17:44:24,839 [Scanner-0][][][][][][][] INFO org.springframework.beans.factory.xml.XmlBeanDefinitionReader - Loading XML bean definitions from class path resource [META-INF/cxf/cxf.xml]
2020-03-04 17:44:24,851 [Scanner-0][][][][][][][] INFO org.springframework.beans.factory.xml.XmlBeanDefinitionReader - Loading XML bean definitions from URL [file:/C:/MANOJ/Vendor_api/workSpace/Vendor_System/ots-server-war/src/main/webapp/WEB-INF/jaxrs-cxf-servlet.xml]
2020-03-04 17:44:24,877 [Scanner-0][][][][][][][] INFO org.springframework.beans.factory.xml.XmlBeanDefinitionReader - Loading XML bean definitions from class path resource [META-INF/spring/ipt-app-config-context.xml]
2020-03-04 17:44:24,887 [Scanner-0][][][][][][][] INFO org.springframework.beans.factory.xml.XmlBeanDefinitionReader - Loading XML bean definitions from URL [jar:file:/C:/Users/SERAJKU/.m2/repository/com/fuso/enterprise/ots/ots-server-common/18.25-SNAPSHOT/ots-server-common-18.25-SNAPSHOT.jar!/META-INF/spring/validation-context.xml]
2020-03-04 17:44:24,908 [Scanner-0][][][][][][][] INFO org.springframework.beans.factory.xml.XmlBeanDefinitionReader - Loading XML bean definitions from class path resource [META-INF/cxf/cxf.xml]
2020-03-04 17:44:24,989 [Scanner-0][][][][][][][] INFO org.springframework.beans.factory.config.PropertiesFactoryBean - Loading properties file from class path resource [ots/app-config.properties]
2020-03-04 17:44:24,990 [Scanner-0][][][][][][][] INFO org.springframework.beans.factory.config.PropertiesFactoryBean - Loading properties file from class path resource [ots/env-config.properties]
2020-03-04 17:44:24,993 [Scanner-0][][][][][][][] INFO org.springframework.beans.factory.annotation.AutowiredAnnotationBeanPostProcessor - JSR-330 'javax.inject.Inject' annotation found and supported for autowiring
2020-03-04 17:44:25,011 [Scanner-0][][][][][][][] INFO org.springframework.context.support.PostProcessorRegistrationDelegate$BeanPostProcessorChecker - Bean 'validatorFactory' of type [class org.springframework.validation.beanvalidation.LocalValidatorFactoryBean] is not eligible for getting processed by all BeanPostProcessors (for example: not eligible for auto-proxying)
2020-03-04 17:44:25,676 [Scanner-0][][][][][][][] INFO org.apache.cxf.endpoint.ServerImpl - Setting the server's publish address to be /v18_1
2020-03-04 17:44:25,802 [Scanner-0][][][][][][][] INFO org.reflections.Reflections - Reflections took 18 ms to scan 1 urls, producing 48 keys and 75 values 
2020-03-04 17:44:26,159 [Scanner-0][][][][][][][] INFO org.springframework.web.servlet.DispatcherServlet - FrameworkServlet 'mvc': initialization started
2020-03-04 17:44:26,162 [Scanner-0][][][][][][][] INFO org.springframework.web.context.support.XmlWebApplicationContext - Refreshing WebApplicationContext for namespace 'mvc-servlet': startup date [Wed Mar 04 17:44:26 IST 2020]; parent: Root WebApplicationContext
2020-03-04 17:44:26,163 [Scanner-0][][][][][][][] INFO org.springframework.beans.factory.xml.XmlBeanDefinitionReader - Loading XML bean definitions from ServletContext resource [/WEB-INF/mvc-servlet.xml]
2020-03-04 17:44:26,183 [Scanner-0][][][][][][][] INFO org.springframework.web.servlet.DispatcherServlet - FrameworkServlet 'mvc': initialization completed in 24 ms
2020-03-04 17:44:26,857 [Scanner-0][][][][][][][] INFO org.springframework.web.context.support.XmlWebApplicationContext - Closing WebApplicationContext for namespace 'mvc-servlet': startup date [Wed Mar 04 17:44:26 IST 2020]; parent: Root WebApplicationContext
2020-03-04 17:44:26,858 [Scanner-0][][][][][][][] INFO org.springframework.web.context.support.XmlWebApplicationContext - Closing Root WebApplicationContext: startup date [Wed Mar 04 17:44:24 IST 2020]; parent: Root WebApplicationContext
2020-03-04 17:44:26,863 [Scanner-0][][][][][][][] INFO org.springframework.web.context.support.XmlWebApplicationContext - Closing Root WebApplicationContext: startup date [Wed Mar 04 17:44:16 IST 2020]; root of context hierarchy
2020-03-04 17:44:26,864 [Scanner-0][][][][][][][] INFO org.springframework.orm.jpa.LocalContainerEntityManagerFactoryBean - Closing JPA EntityManagerFactory for persistence unit 'iptModel'
2020-03-04 17:44:35,818 [Scanner-0][][][][][][][] INFO org.springframework.web.context.ContextLoader - Root WebApplicationContext: initialization started
2020-03-04 17:44:35,917 [Scanner-0][][][][][][][] INFO org.springframework.web.context.support.XmlWebApplicationContext - Refreshing Root WebApplicationContext: startup date [Wed Mar 04 17:44:35 IST 2020]; root of context hierarchy
2020-03-04 17:44:35,964 [Scanner-0][][][][][][][] INFO org.springframework.beans.factory.xml.XmlBeanDefinitionReader - Loading XML bean definitions from ServletContext resource [/WEB-INF/applicationContext.xml]
2020-03-04 17:44:35,993 [Scanner-0][][][][][][][] INFO org.springframework.beans.factory.xml.XmlBeanDefinitionReader - Loading XML bean definitions from URL [jar:file:/C:/Users/SERAJKU/.m2/repository/com/fuso/enterprise/ots/ots-server/18.25-SNAPSHOT/ots-server-18.25-SNAPSHOT.jar!/META-INF/spring/ipt-service-context.xml]
2020-03-04 17:44:36,247 [Scanner-0][][][][][][][] INFO org.springframework.beans.factory.xml.XmlBeanDefinitionReader - Loading XML bean definitions from URL [jar:file:/C:/Users/SERAJKU/.m2/repository/com/fuso/enterprise/ots/ots-server-common/18.25-SNAPSHOT/ots-server-common-18.25-SNAPSHOT.jar!/META-INF/spring/ipt-app-config-context.xml]
2020-03-04 17:44:36,258 [Scanner-0][][][][][][][] INFO org.springframework.beans.factory.xml.XmlBeanDefinitionReader - Loading XML bean definitions from URL [jar:file:/C:/Users/SERAJKU/.m2/repository/com/fuso/enterprise/ots/ots-server-common/18.25-SNAPSHOT/ots-server-common-18.25-SNAPSHOT.jar!/META-INF/spring/validation-context.xml]
2020-03-04 17:44:36,293 [Scanner-0][][][][][][][] INFO org.springframework.beans.factory.xml.XmlBeanDefinitionReader - Loading XML bean definitions from URL [jar:file:/C:/Users/SERAJKU/.m2/repository/com/fuso/enterprise/ots/ots-server-common/18.25-SNAPSHOT/ots-server-common-18.25-SNAPSHOT.jar!/META-INF/spring/ipt-dao-context.xml]
2020-03-04 17:44:36,319 [Scanner-0][][][][][][][] INFO org.springframework.beans.factory.xml.XmlBeanDefinitionReader - Loading XML bean definitions from URL [jar:file:/C:/Users/SERAJKU/.m2/repository/com/fuso/enterprise/ots/ots-server-common/18.25-SNAPSHOT/ots-server-common-18.25-SNAPSHOT.jar!/META-INF/spring/validation-context.xml]
2020-03-04 17:44:36,327 [Scanner-0][][][][][][][] INFO org.springframework.beans.factory.xml.XmlBeanDefinitionReader - Loading XML bean definitions from URL [jar:file:/C:/Users/SERAJKU/.m2/repository/com/fuso/enterprise/ots/ots-server-ws/18.25-SNAPSHOT/ots-server-ws-18.25-SNAPSHOT.jar!/META-INF/spring/ipt-ws-service-context.xml]
2020-03-04 17:44:36,832 [Scanner-0][][][][][][][] INFO org.springframework.beans.factory.config.PropertiesFactoryBean - Loading properties file from class path resource [ots/app-config.properties]
2020-03-04 17:44:36,833 [Scanner-0][][][][][][][] INFO org.springframework.beans.factory.config.PropertiesFactoryBean - Loading properties file from class path resource [ots/env-config.properties]
2020-03-04 17:44:36,876 [Scanner-0][][][][][][][] INFO org.springframework.beans.factory.annotation.AutowiredAnnotationBeanPostProcessor - JSR-330 'javax.inject.Inject' annotation found and supported for autowiring
2020-03-04 17:44:37,002 [Scanner-0][][][][][][][] INFO org.hibernate.validator.internal.util.Version - HV000001: Hibernate Validator 5.2.4.Final
2020-03-04 17:44:37,176 [Scanner-0][][][][][][][] INFO org.springframework.context.support.PostProcessorRegistrationDelegate$BeanPostProcessorChecker - Bean 'validatorFactory' of type [class org.springframework.validation.beanvalidation.LocalValidatorFactoryBean] is not eligible for getting processed by all BeanPostProcessors (for example: not eligible for auto-proxying)
2020-03-04 17:44:37,332 [Scanner-0][][][][][][][] INFO org.springframework.jdbc.datasource.DriverManagerDataSource - Loaded JDBC driver: com.mysql.jdbc.Driver
2020-03-04 17:44:37,375 [Scanner-0][][][][][][][] INFO org.springframework.orm.jpa.LocalContainerEntityManagerFactoryBean - Building JPA container EntityManagerFactory for persistence unit 'iptModel'
2020-03-04 17:44:37,395 [Scanner-0][][][][][][][] INFO org.hibernate.jpa.internal.util.LogHelper - HHH000204: Processing PersistenceUnitInfo [
	name: iptModel
	...]
2020-03-04 17:44:37,484 [Scanner-0][][][][][][][] INFO org.hibernate.Version - HHH000412: Hibernate Core {5.1.0.Final}
2020-03-04 17:44:37,487 [Scanner-0][][][][][][][] INFO org.hibernate.cfg.Environment - HHH000206: hibernate.properties not found
2020-03-04 17:44:37,489 [Scanner-0][][][][][][][] INFO org.hibernate.cfg.Environment - HHH000021: Bytecode provider name : javassist
2020-03-04 17:44:37,541 [Scanner-0][][][][][][][] INFO org.hibernate.annotations.common.Version - HCANN000001: Hibernate Commons Annotations {5.0.1.Final}
2020-03-04 17:44:37,875 [Scanner-0][][][][][][][] INFO org.hibernate.dialect.Dialect - HHH000400: Using dialect: org.hibernate.dialect.SQLServerDialect
2020-03-04 17:44:37,899 [Scanner-0][][][][][][][] INFO org.hibernate.engine.jdbc.env.internal.LobCreatorBuilderImpl - HHH000422: Disabling contextual LOB creation as connection was null
2020-03-04 17:44:39,292 [Scanner-0][][][][][][][] INFO org.hibernate.hql.internal.QueryTranslatorFactoryInitiator - HHH000397: Using ASTQueryTranslatorFactory
2020-03-04 17:44:40,868 [Scanner-0][][][][][][][] INFO org.springframework.web.servlet.handler.SimpleUrlHandlerMapping - Mapped URL path [/swagger-ui/**] onto handler of type [class org.springframework.web.servlet.resource.ResourceHttpRequestHandler]
2020-03-04 17:44:40,868 [Scanner-0][][][][][][][] INFO org.springframework.web.servlet.handler.SimpleUrlHandlerMapping - Mapped URL path [/resources/**] onto handler of type [class org.springframework.web.servlet.resource.ResourceHttpRequestHandler]
2020-03-04 17:44:40,868 [Scanner-0][][][][][][][] INFO org.springframework.web.servlet.handler.SimpleUrlHandlerMapping - Mapped URL path [/bomchildparts/**] onto handler of type [class org.springframework.web.servlet.resource.ResourceHttpRequestHandler]
2020-03-04 17:44:41,331 [Scanner-0][][][][][][][] INFO org.springframework.web.servlet.mvc.method.annotation.RequestMappingHandlerAdapter - Looking for @ControllerAdvice: Root WebApplicationContext: startup date [Wed Mar 04 17:44:35 IST 2020]; root of context hierarchy
2020-03-04 17:44:41,595 [Scanner-0][][][][][][][] INFO org.springframework.web.context.ContextLoader - Root WebApplicationContext: initialization completed in 5774 ms
2020-03-04 17:44:41,854 [Scanner-0][][][][][][][] INFO org.springframework.web.context.support.XmlWebApplicationContext - Refreshing Root WebApplicationContext: startup date [Wed Mar 04 17:44:41 IST 2020]; parent: Root WebApplicationContext
2020-03-04 17:44:41,855 [Scanner-0][][][][][][][] INFO org.springframework.beans.factory.xml.XmlBeanDefinitionReader - Loading XML bean definitions from class path resource [META-INF/cxf/cxf.xml]
2020-03-04 17:44:41,865 [Scanner-0][][][][][][][] INFO org.springframework.beans.factory.xml.XmlBeanDefinitionReader - Loading XML bean definitions from URL [file:/C:/MANOJ/Vendor_api/workSpace/Vendor_System/ots-server-war/src/main/webapp/WEB-INF/jaxrs-cxf-servlet.xml]
2020-03-04 17:44:41,884 [Scanner-0][][][][][][][] INFO org.springframework.beans.factory.xml.XmlBeanDefinitionReader - Loading XML bean definitions from class path resource [META-INF/spring/ipt-app-config-context.xml]
2020-03-04 17:44:41,919 [Scanner-0][][][][][][][] INFO org.springframework.beans.factory.xml.XmlBeanDefinitionReader - Loading XML bean definitions from URL [jar:file:/C:/Users/SERAJKU/.m2/repository/com/fuso/enterprise/ots/ots-server-common/18.25-SNAPSHOT/ots-server-common-18.25-SNAPSHOT.jar!/META-INF/spring/validation-context.xml]
2020-03-04 17:44:41,946 [Scanner-0][][][][][][][] INFO org.springframework.beans.factory.xml.XmlBeanDefinitionReader - Loading XML bean definitions from class path resource [META-INF/cxf/cxf.xml]
2020-03-04 17:44:42,026 [Scanner-0][][][][][][][] INFO org.springframework.beans.factory.config.PropertiesFactoryBean - Loading properties file from class path resource [ots/app-config.properties]
2020-03-04 17:44:42,026 [Scanner-0][][][][][][][] INFO org.springframework.beans.factory.config.PropertiesFactoryBean - Loading properties file from class path resource [ots/env-config.properties]
2020-03-04 17:44:42,030 [Scanner-0][][][][][][][] INFO org.springframework.beans.factory.annotation.AutowiredAnnotationBeanPostProcessor - JSR-330 'javax.inject.Inject' annotation found and supported for autowiring
2020-03-04 17:44:42,048 [Scanner-0][][][][][][][] INFO org.springframework.context.support.PostProcessorRegistrationDelegate$BeanPostProcessorChecker - Bean 'validatorFactory' of type [class org.springframework.validation.beanvalidation.LocalValidatorFactoryBean] is not eligible for getting processed by all BeanPostProcessors (for example: not eligible for auto-proxying)
2020-03-04 17:44:42,609 [Scanner-0][][][][][][][] INFO org.apache.cxf.endpoint.ServerImpl - Setting the server's publish address to be /v18_1
2020-03-04 17:44:42,724 [Scanner-0][][][][][][][] INFO org.reflections.Reflections - Reflections took 18 ms to scan 1 urls, producing 48 keys and 75 values 
2020-03-04 17:44:43,017 [Scanner-0][][][][][][][] INFO org.springframework.web.servlet.DispatcherServlet - FrameworkServlet 'mvc': initialization started
2020-03-04 17:44:43,019 [Scanner-0][][][][][][][] INFO org.springframework.web.context.support.XmlWebApplicationContext - Refreshing WebApplicationContext for namespace 'mvc-servlet': startup date [Wed Mar 04 17:44:43 IST 2020]; parent: Root WebApplicationContext
2020-03-04 17:44:43,020 [Scanner-0][][][][][][][] INFO org.springframework.beans.factory.xml.XmlBeanDefinitionReader - Loading XML bean definitions from ServletContext resource [/WEB-INF/mvc-servlet.xml]
2020-03-04 17:44:43,037 [Scanner-0][][][][][][][] INFO org.springframework.web.servlet.DispatcherServlet - FrameworkServlet 'mvc': initialization completed in 18 ms
2020-03-04 17:44:43,667 [Scanner-0][][][][][][][] INFO org.springframework.web.context.support.XmlWebApplicationContext - Closing WebApplicationContext for namespace 'mvc-servlet': startup date [Wed Mar 04 17:44:43 IST 2020]; parent: Root WebApplicationContext
2020-03-04 17:44:43,668 [Scanner-0][][][][][][][] INFO org.springframework.web.context.support.XmlWebApplicationContext - Closing Root WebApplicationContext: startup date [Wed Mar 04 17:44:41 IST 2020]; parent: Root WebApplicationContext
2020-03-04 17:44:43,739 [Scanner-0][][][][][][][] INFO org.springframework.web.context.support.XmlWebApplicationContext - Closing Root WebApplicationContext: startup date [Wed Mar 04 17:44:35 IST 2020]; root of context hierarchy
2020-03-04 17:44:43,741 [Scanner-0][][][][][][][] INFO org.springframework.orm.jpa.LocalContainerEntityManagerFactoryBean - Closing JPA EntityManagerFactory for persistence unit 'iptModel'
2020-03-04 17:44:51,149 [Scanner-0][][][][][][][] INFO org.springframework.web.context.ContextLoader - Root WebApplicationContext: initialization started
2020-03-04 17:44:51,235 [Scanner-0][][][][][][][] INFO org.springframework.web.context.support.XmlWebApplicationContext - Refreshing Root WebApplicationContext: startup date [Wed Mar 04 17:44:51 IST 2020]; root of context hierarchy
2020-03-04 17:44:51,273 [Scanner-0][][][][][][][] INFO org.springframework.beans.factory.xml.XmlBeanDefinitionReader - Loading XML bean definitions from ServletContext resource [/WEB-INF/applicationContext.xml]
2020-03-04 17:44:51,295 [Scanner-0][][][][][][][] INFO org.springframework.beans.factory.xml.XmlBeanDefinitionReader - Loading XML bean definitions from URL [jar:file:/C:/Users/SERAJKU/.m2/repository/com/fuso/enterprise/ots/ots-server/18.25-SNAPSHOT/ots-server-18.25-SNAPSHOT.jar!/META-INF/spring/ipt-service-context.xml]
2020-03-04 17:44:51,574 [Scanner-0][][][][][][][] INFO org.springframework.beans.factory.xml.XmlBeanDefinitionReader - Loading XML bean definitions from URL [jar:file:/C:/Users/SERAJKU/.m2/repository/com/fuso/enterprise/ots/ots-server-common/18.25-SNAPSHOT/ots-server-common-18.25-SNAPSHOT.jar!/META-INF/spring/ipt-app-config-context.xml]
2020-03-04 17:44:51,600 [Scanner-0][][][][][][][] INFO org.springframework.beans.factory.xml.XmlBeanDefinitionReader - Loading XML bean definitions from URL [jar:file:/C:/Users/SERAJKU/.m2/repository/com/fuso/enterprise/ots/ots-server-common/18.25-SNAPSHOT/ots-server-common-18.25-SNAPSHOT.jar!/META-INF/spring/validation-context.xml]
2020-03-04 17:44:51,635 [Scanner-0][][][][][][][] INFO org.springframework.beans.factory.xml.XmlBeanDefinitionReader - Loading XML bean definitions from URL [jar:file:/C:/Users/SERAJKU/.m2/repository/com/fuso/enterprise/ots/ots-server-common/18.25-SNAPSHOT/ots-server-common-18.25-SNAPSHOT.jar!/META-INF/spring/ipt-dao-context.xml]
2020-03-04 17:44:51,655 [Scanner-0][][][][][][][] INFO org.springframework.beans.factory.xml.XmlBeanDefinitionReader - Loading XML bean definitions from URL [jar:file:/C:/Users/SERAJKU/.m2/repository/com/fuso/enterprise/ots/ots-server-common/18.25-SNAPSHOT/ots-server-common-18.25-SNAPSHOT.jar!/META-INF/spring/validation-context.xml]
2020-03-04 17:44:51,661 [Scanner-0][][][][][][][] INFO org.springframework.beans.factory.xml.XmlBeanDefinitionReader - Loading XML bean definitions from URL [jar:file:/C:/Users/SERAJKU/.m2/repository/com/fuso/enterprise/ots/ots-server-ws/18.25-SNAPSHOT/ots-server-ws-18.25-SNAPSHOT.jar!/META-INF/spring/ipt-ws-service-context.xml]
2020-03-04 17:44:52,208 [Scanner-0][][][][][][][] INFO org.springframework.beans.factory.config.PropertiesFactoryBean - Loading properties file from class path resource [ots/app-config.properties]
2020-03-04 17:44:52,209 [Scanner-0][][][][][][][] INFO org.springframework.beans.factory.config.PropertiesFactoryBean - Loading properties file from class path resource [ots/env-config.properties]
2020-03-04 17:44:52,241 [Scanner-0][][][][][][][] INFO org.springframework.beans.factory.annotation.AutowiredAnnotationBeanPostProcessor - JSR-330 'javax.inject.Inject' annotation found and supported for autowiring
2020-03-04 17:44:52,361 [Scanner-0][][][][][][][] INFO org.hibernate.validator.internal.util.Version - HV000001: Hibernate Validator 5.2.4.Final
2020-03-04 17:44:52,556 [Scanner-0][][][][][][][] INFO org.springframework.context.support.PostProcessorRegistrationDelegate$BeanPostProcessorChecker - Bean 'validatorFactory' of type [class org.springframework.validation.beanvalidation.LocalValidatorFactoryBean] is not eligible for getting processed by all BeanPostProcessors (for example: not eligible for auto-proxying)
2020-03-04 17:44:52,780 [Scanner-0][][][][][][][] INFO org.springframework.jdbc.datasource.DriverManagerDataSource - Loaded JDBC driver: com.mysql.jdbc.Driver
2020-03-04 17:44:52,823 [Scanner-0][][][][][][][] INFO org.springframework.orm.jpa.LocalContainerEntityManagerFactoryBean - Building JPA container EntityManagerFactory for persistence unit 'iptModel'
2020-03-04 17:44:52,845 [Scanner-0][][][][][][][] INFO org.hibernate.jpa.internal.util.LogHelper - HHH000204: Processing PersistenceUnitInfo [
	name: iptModel
	...]
2020-03-04 17:44:52,932 [Scanner-0][][][][][][][] INFO org.hibernate.Version - HHH000412: Hibernate Core {5.1.0.Final}
2020-03-04 17:44:52,935 [Scanner-0][][][][][][][] INFO org.hibernate.cfg.Environment - HHH000206: hibernate.properties not found
2020-03-04 17:44:52,937 [Scanner-0][][][][][][][] INFO org.hibernate.cfg.Environment - HHH000021: Bytecode provider name : javassist
2020-03-04 17:44:52,990 [Scanner-0][][][][][][][] INFO org.hibernate.annotations.common.Version - HCANN000001: Hibernate Commons Annotations {5.0.1.Final}
2020-03-04 17:44:53,302 [Scanner-0][][][][][][][] INFO org.hibernate.dialect.Dialect - HHH000400: Using dialect: org.hibernate.dialect.SQLServerDialect
2020-03-04 17:44:53,334 [Scanner-0][][][][][][][] INFO org.hibernate.engine.jdbc.env.internal.LobCreatorBuilderImpl - HHH000422: Disabling contextual LOB creation as connection was null
2020-03-04 17:44:54,550 [Scanner-0][][][][][][][] INFO org.hibernate.hql.internal.QueryTranslatorFactoryInitiator - HHH000397: Using ASTQueryTranslatorFactory
2020-03-04 17:44:56,266 [Scanner-0][][][][][][][] INFO org.springframework.web.servlet.handler.SimpleUrlHandlerMapping - Mapped URL path [/swagger-ui/**] onto handler of type [class org.springframework.web.servlet.resource.ResourceHttpRequestHandler]
2020-03-04 17:44:56,266 [Scanner-0][][][][][][][] INFO org.springframework.web.servlet.handler.SimpleUrlHandlerMapping - Mapped URL path [/resources/**] onto handler of type [class org.springframework.web.servlet.resource.ResourceHttpRequestHandler]
2020-03-04 17:44:56,266 [Scanner-0][][][][][][][] INFO org.springframework.web.servlet.handler.SimpleUrlHandlerMapping - Mapped URL path [/bomchildparts/**] onto handler of type [class org.springframework.web.servlet.resource.ResourceHttpRequestHandler]
2020-03-04 17:44:56,700 [Scanner-0][][][][][][][] INFO org.springframework.web.servlet.mvc.method.annotation.RequestMappingHandlerAdapter - Looking for @ControllerAdvice: Root WebApplicationContext: startup date [Wed Mar 04 17:44:51 IST 2020]; root of context hierarchy
2020-03-04 17:44:56,928 [Scanner-0][][][][][][][] INFO org.springframework.web.context.ContextLoader - Root WebApplicationContext: initialization completed in 5776 ms
2020-03-04 17:44:57,165 [Scanner-0][][][][][][][] INFO org.springframework.web.context.support.XmlWebApplicationContext - Refreshing Root WebApplicationContext: startup date [Wed Mar 04 17:44:57 IST 2020]; parent: Root WebApplicationContext
2020-03-04 17:44:57,166 [Scanner-0][][][][][][][] INFO org.springframework.beans.factory.xml.XmlBeanDefinitionReader - Loading XML bean definitions from class path resource [META-INF/cxf/cxf.xml]
2020-03-04 17:44:57,173 [Scanner-0][][][][][][][] INFO org.springframework.beans.factory.xml.XmlBeanDefinitionReader - Loading XML bean definitions from URL [file:/C:/MANOJ/Vendor_api/workSpace/Vendor_System/ots-server-war/src/main/webapp/WEB-INF/jaxrs-cxf-servlet.xml]
2020-03-04 17:44:57,191 [Scanner-0][][][][][][][] INFO org.springframework.beans.factory.xml.XmlBeanDefinitionReader - Loading XML bean definitions from class path resource [META-INF/spring/ipt-app-config-context.xml]
2020-03-04 17:44:57,204 [Scanner-0][][][][][][][] INFO org.springframework.beans.factory.xml.XmlBeanDefinitionReader - Loading XML bean definitions from URL [jar:file:/C:/Users/SERAJKU/.m2/repository/com/fuso/enterprise/ots/ots-server-common/18.25-SNAPSHOT/ots-server-common-18.25-SNAPSHOT.jar!/META-INF/spring/validation-context.xml]
2020-03-04 17:44:57,224 [Scanner-0][][][][][][][] INFO org.springframework.beans.factory.xml.XmlBeanDefinitionReader - Loading XML bean definitions from class path resource [META-INF/cxf/cxf.xml]
2020-03-04 17:44:57,308 [Scanner-0][][][][][][][] INFO org.springframework.beans.factory.config.PropertiesFactoryBean - Loading properties file from class path resource [ots/app-config.properties]
2020-03-04 17:44:57,309 [Scanner-0][][][][][][][] INFO org.springframework.beans.factory.config.PropertiesFactoryBean - Loading properties file from class path resource [ots/env-config.properties]
2020-03-04 17:44:57,313 [Scanner-0][][][][][][][] INFO org.springframework.beans.factory.annotation.AutowiredAnnotationBeanPostProcessor - JSR-330 'javax.inject.Inject' annotation found and supported for autowiring
2020-03-04 17:44:57,330 [Scanner-0][][][][][][][] INFO org.springframework.context.support.PostProcessorRegistrationDelegate$BeanPostProcessorChecker - Bean 'validatorFactory' of type [class org.springframework.validation.beanvalidation.LocalValidatorFactoryBean] is not eligible for getting processed by all BeanPostProcessors (for example: not eligible for auto-proxying)
2020-03-04 17:44:57,967 [Scanner-0][][][][][][][] INFO org.apache.cxf.endpoint.ServerImpl - Setting the server's publish address to be /v18_1
2020-03-04 17:44:58,138 [Scanner-0][][][][][][][] INFO org.reflections.Reflections - Reflections took 26 ms to scan 1 urls, producing 48 keys and 75 values 
2020-03-04 17:44:58,487 [Scanner-0][][][][][][][] INFO org.springframework.web.servlet.DispatcherServlet - FrameworkServlet 'mvc': initialization started
2020-03-04 17:44:58,489 [Scanner-0][][][][][][][] INFO org.springframework.web.context.support.XmlWebApplicationContext - Refreshing WebApplicationContext for namespace 'mvc-servlet': startup date [Wed Mar 04 17:44:58 IST 2020]; parent: Root WebApplicationContext
2020-03-04 17:44:58,490 [Scanner-0][][][][][][][] INFO org.springframework.beans.factory.xml.XmlBeanDefinitionReader - Loading XML bean definitions from ServletContext resource [/WEB-INF/mvc-servlet.xml]
2020-03-04 17:44:58,505 [Scanner-0][][][][][][][] INFO org.springframework.web.servlet.DispatcherServlet - FrameworkServlet 'mvc': initialization completed in 17 ms
2020-03-05 09:16:28,798 [pool-7-thread-1][][][][][][][] WARN org.hibernate.engine.jdbc.spi.SqlExceptionHelper - SQL Error: 0, SQLState: 08S01
2020-03-05 09:16:28,835 [pool-7-thread-1][][][][][][][] ERROR org.hibernate.engine.jdbc.spi.SqlExceptionHelper - Communications link failure

Last packet sent to the server was 0 ms ago.
2020-03-05 09:16:28,869 [pool-7-thread-1][][][][][][][] ERROR org.springframework.scheduling.support.TaskUtils$LoggingErrorHandler - Unexpected error occurred in scheduled task.
org.springframework.transaction.CannotCreateTransactionException: Could not open JPA EntityManager for transaction; nested exception is javax.persistence.PersistenceException: org.hibernate.exception.JDBCConnectionException: Unable to acquire JDBC Connection
	at org.springframework.orm.jpa.JpaTransactionManager.doBegin(JpaTransactionManager.java:431) ~[spring-orm-4.2.5.RELEASE.jar:4.2.5.RELEASE]
	at org.springframework.transaction.support.AbstractPlatformTransactionManager.getTransaction(AbstractPlatformTransactionManager.java:373) ~[spring-tx-4.2.5.RELEASE.jar:4.2.5.RELEASE]
	at org.springframework.transaction.interceptor.TransactionAspectSupport.createTransactionIfNecessary(TransactionAspectSupport.java:427) ~[spring-tx-4.2.5.RELEASE.jar:4.2.5.RELEASE]
	at org.springframework.transaction.interceptor.TransactionAspectSupport.invokeWithinTransaction(TransactionAspectSupport.java:276) ~[spring-tx-4.2.5.RELEASE.jar:4.2.5.RELEASE]
	at org.springframework.transaction.interceptor.TransactionInterceptor.invoke(TransactionInterceptor.java:96) ~[spring-tx-4.2.5.RELEASE.jar:4.2.5.RELEASE]
	at org.springframework.aop.framework.ReflectiveMethodInvocation.proceed(ReflectiveMethodInvocation.java:179) ~[spring-aop-4.2.5.RELEASE.jar:4.2.5.RELEASE]
	at org.springframework.aop.framework.JdkDynamicAopProxy.invoke(JdkDynamicAopProxy.java:208) ~[spring-aop-4.2.5.RELEASE.jar:4.2.5.RELEASE]
	at com.sun.proxy.$Proxy417.runScheduler12AMTO1AM(Unknown Source) ~[na:na]
	at com.fuso.enterprise.ots.srv.rest.ws.service.OTSOrder_WsImpl.scheduleFixed12AM(OTSOrder_WsImpl.java:344) ~[ots-server-ws-18.25-SNAPSHOT.jar:na]
	at com.fuso.enterprise.ots.srv.rest.ws.service.OTSOrder_WsImpl$$FastClassBySpringCGLIB$$928c893c.invoke(<generated>) ~[ots-server-ws-18.25-SNAPSHOT.jar:na]
	at org.springframework.cglib.proxy.MethodProxy.invoke(MethodProxy.java:204) ~[spring-core-4.2.5.RELEASE.jar:4.2.5.RELEASE]
	at org.springframework.aop.framework.CglibAopProxy$CglibMethodInvocation.invokeJoinpoint(CglibAopProxy.java:720) ~[spring-aop-4.2.5.RELEASE.jar:4.2.5.RELEASE]
	at org.springframework.aop.framework.ReflectiveMethodInvocation.proceed(ReflectiveMethodInvocation.java:157) ~[spring-aop-4.2.5.RELEASE.jar:4.2.5.RELEASE]
	at org.springframework.validation.beanvalidation.MethodValidationInterceptor.invoke(MethodValidationInterceptor.java:139) ~[spring-context-4.2.5.RELEASE.jar:4.2.5.RELEASE]
	at org.springframework.aop.framework.ReflectiveMethodInvocation.proceed(ReflectiveMethodInvocation.java:179) ~[spring-aop-4.2.5.RELEASE.jar:4.2.5.RELEASE]
	at org.springframework.validation.beanvalidation.MethodValidationInterceptor.invoke(MethodValidationInterceptor.java:139) ~[spring-context-4.2.5.RELEASE.jar:4.2.5.RELEASE]
	at org.springframework.aop.framework.ReflectiveMethodInvocation.proceed(ReflectiveMethodInvocation.java:179) ~[spring-aop-4.2.5.RELEASE.jar:4.2.5.RELEASE]
	at org.springframework.aop.framework.CglibAopProxy$DynamicAdvisedInterceptor.intercept(CglibAopProxy.java:655) ~[spring-aop-4.2.5.RELEASE.jar:4.2.5.RELEASE]
	at com.fuso.enterprise.ots.srv.rest.ws.service.OTSOrder_WsImpl$$EnhancerBySpringCGLIB$$134cc7da.scheduleFixed12AM(<generated>) ~[ots-server-ws-18.25-SNAPSHOT.jar:na]
	at sun.reflect.NativeMethodAccessorImpl.invoke0(Native Method) ~[na:1.8.0_181]
	at sun.reflect.NativeMethodAccessorImpl.invoke(NativeMethodAccessorImpl.java:62) ~[na:1.8.0_181]
	at sun.reflect.DelegatingMethodAccessorImpl.invoke(DelegatingMethodAccessorImpl.java:43) ~[na:1.8.0_181]
	at java.lang.reflect.Method.invoke(Method.java:498) ~[na:1.8.0_181]
	at org.springframework.scheduling.support.ScheduledMethodRunnable.run(ScheduledMethodRunnable.java:65) ~[spring-context-4.2.5.RELEASE.jar:4.2.5.RELEASE]
	at org.springframework.scheduling.support.DelegatingErrorHandlingRunnable.run(DelegatingErrorHandlingRunnable.java:54) ~[spring-context-4.2.5.RELEASE.jar:4.2.5.RELEASE]
	at org.springframework.scheduling.concurrent.ReschedulingRunnable.run(ReschedulingRunnable.java:81) [spring-context-4.2.5.RELEASE.jar:4.2.5.RELEASE]
	at java.util.concurrent.Executors$RunnableAdapter.call(Executors.java:511) [na:1.8.0_181]
	at java.util.concurrent.FutureTask.run(FutureTask.java:266) [na:1.8.0_181]
	at java.util.concurrent.ScheduledThreadPoolExecutor$ScheduledFutureTask.access$201(ScheduledThreadPoolExecutor.java:180) [na:1.8.0_181]
	at java.util.concurrent.ScheduledThreadPoolExecutor$ScheduledFutureTask.run(ScheduledThreadPoolExecutor.java:293) [na:1.8.0_181]
	at java.util.concurrent.ThreadPoolExecutor.runWorker(ThreadPoolExecutor.java:1149) [na:1.8.0_181]
	at java.util.concurrent.ThreadPoolExecutor$Worker.run(ThreadPoolExecutor.java:624) [na:1.8.0_181]
	at java.lang.Thread.run(Thread.java:748) [na:1.8.0_181]
Caused by: javax.persistence.PersistenceException: org.hibernate.exception.JDBCConnectionException: Unable to acquire JDBC Connection
	at org.hibernate.jpa.spi.AbstractEntityManagerImpl.convert(AbstractEntityManagerImpl.java:1692) ~[hibernate-entitymanager-5.1.0.Final.jar:5.1.0.Final]
	at org.hibernate.jpa.spi.AbstractEntityManagerImpl.convert(AbstractEntityManagerImpl.java:1602) ~[hibernate-entitymanager-5.1.0.Final.jar:5.1.0.Final]
	at org.hibernate.jpa.spi.AbstractEntityManagerImpl.throwPersistenceException(AbstractEntityManagerImpl.java:1700) ~[hibernate-entitymanager-5.1.0.Final.jar:5.1.0.Final]
	at org.hibernate.jpa.internal.TransactionImpl.begin(TransactionImpl.java:48) ~[hibernate-entitymanager-5.1.0.Final.jar:5.1.0.Final]
	at org.springframework.orm.jpa.vendor.HibernateJpaDialect.beginTransaction(HibernateJpaDialect.java:170) ~[spring-orm-4.2.5.RELEASE.jar:4.2.5.RELEASE]
	at org.springframework.orm.jpa.JpaTransactionManager.doBegin(JpaTransactionManager.java:380) ~[spring-orm-4.2.5.RELEASE.jar:4.2.5.RELEASE]
	... 32 common frames omitted
Caused by: org.hibernate.exception.JDBCConnectionException: Unable to acquire JDBC Connection
	at org.hibernate.exception.internal.SQLStateConversionDelegate.convert(SQLStateConversionDelegate.java:115) ~[hibernate-core-5.1.0.Final.jar:5.1.0.Final]
	at org.hibernate.exception.internal.StandardSQLExceptionConverter.convert(StandardSQLExceptionConverter.java:42) ~[hibernate-core-5.1.0.Final.jar:5.1.0.Final]
	at org.hibernate.engine.jdbc.spi.SqlExceptionHelper.convert(SqlExceptionHelper.java:111) ~[hibernate-core-5.1.0.Final.jar:5.1.0.Final]
	at org.hibernate.engine.jdbc.spi.SqlExceptionHelper.convert(SqlExceptionHelper.java:97) ~[hibernate-core-5.1.0.Final.jar:5.1.0.Final]
	at org.hibernate.resource.jdbc.internal.LogicalConnectionManagedImpl.acquireConnectionIfNeeded(LogicalConnectionManagedImpl.java:87) ~[hibernate-core-5.1.0.Final.jar:5.1.0.Final]
	at org.hibernate.resource.jdbc.internal.LogicalConnectionManagedImpl.getPhysicalConnection(LogicalConnectionManagedImpl.java:109) ~[hibernate-core-5.1.0.Final.jar:5.1.0.Final]
	at org.hibernate.resource.jdbc.internal.LogicalConnectionManagedImpl.getConnectionForTransactionManagement(LogicalConnectionManagedImpl.java:227) ~[hibernate-core-5.1.0.Final.jar:5.1.0.Final]
	at org.hibernate.resource.jdbc.internal.LogicalConnectionManagedImpl.begin(LogicalConnectionManagedImpl.java:234) ~[hibernate-core-5.1.0.Final.jar:5.1.0.Final]
	at org.hibernate.resource.transaction.backend.jdbc.internal.JdbcResourceLocalTransactionCoordinatorImpl$TransactionDriverControlImpl.begin(JdbcResourceLocalTransactionCoordinatorImpl.java:214) ~[hibernate-core-5.1.0.Final.jar:5.1.0.Final]
	at org.hibernate.engine.transaction.internal.TransactionImpl.begin(TransactionImpl.java:52) ~[hibernate-core-5.1.0.Final.jar:5.1.0.Final]
	at org.hibernate.internal.SessionImpl.beginTransaction(SessionImpl.java:1525) ~[hibernate-core-5.1.0.Final.jar:5.1.0.Final]
	at org.hibernate.jpa.internal.TransactionImpl.begin(TransactionImpl.java:45) ~[hibernate-entitymanager-5.1.0.Final.jar:5.1.0.Final]
	... 34 common frames omitted
Caused by: com.mysql.jdbc.exceptions.jdbc4.CommunicationsException: Communications link failure

Last packet sent to the server was 0 ms ago.
	at sun.reflect.NativeConstructorAccessorImpl.newInstance0(Native Method) ~[na:1.8.0_181]
	at sun.reflect.NativeConstructorAccessorImpl.newInstance(NativeConstructorAccessorImpl.java:62) ~[na:1.8.0_181]
	at sun.reflect.DelegatingConstructorAccessorImpl.newInstance(DelegatingConstructorAccessorImpl.java:45) ~[na:1.8.0_181]
	at java.lang.reflect.Constructor.newInstance(Constructor.java:423) ~[na:1.8.0_181]
	at com.mysql.jdbc.Util.handleNewInstance(Util.java:406) ~[mysql-connector-java-5.1.6.jar:na]
	at com.mysql.jdbc.SQLError.createCommunicationsException(SQLError.java:1074) ~[mysql-connector-java-5.1.6.jar:na]
	at com.mysql.jdbc.ConnectionImpl.createNewIO(ConnectionImpl.java:2103) ~[mysql-connector-java-5.1.6.jar:na]
	at com.mysql.jdbc.ConnectionImpl.<init>(ConnectionImpl.java:718) ~[mysql-connector-java-5.1.6.jar:na]
	at com.mysql.jdbc.JDBC4Connection.<init>(JDBC4Connection.java:46) ~[mysql-connector-java-5.1.6.jar:na]
	at sun.reflect.NativeConstructorAccessorImpl.newInstance0(Native Method) ~[na:1.8.0_181]
	at sun.reflect.NativeConstructorAccessorImpl.newInstance(NativeConstructorAccessorImpl.java:62) ~[na:1.8.0_181]
	at sun.reflect.DelegatingConstructorAccessorImpl.newInstance(DelegatingConstructorAccessorImpl.java:45) ~[na:1.8.0_181]
	at java.lang.reflect.Constructor.newInstance(Constructor.java:423) ~[na:1.8.0_181]
	at com.mysql.jdbc.Util.handleNewInstance(Util.java:406) ~[mysql-connector-java-5.1.6.jar:na]
	at com.mysql.jdbc.ConnectionImpl.getInstance(ConnectionImpl.java:302) ~[mysql-connector-java-5.1.6.jar:na]
	at com.mysql.jdbc.NonRegisteringDriver.connect(NonRegisteringDriver.java:282) ~[mysql-connector-java-5.1.6.jar:na]
	at java.sql.DriverManager.getConnection(DriverManager.java:664) ~[na:1.8.0_181]
	at java.sql.DriverManager.getConnection(DriverManager.java:208) ~[na:1.8.0_181]
	at org.springframework.jdbc.datasource.DriverManagerDataSource.getConnectionFromDriverManager(DriverManagerDataSource.java:153) ~[spring-jdbc-4.2.5.RELEASE.jar:4.2.5.RELEASE]
	at org.springframework.jdbc.datasource.DriverManagerDataSource.getConnectionFromDriver(DriverManagerDataSource.java:144) ~[spring-jdbc-4.2.5.RELEASE.jar:4.2.5.RELEASE]
	at org.springframework.jdbc.datasource.AbstractDriverBasedDataSource.getConnectionFromDriver(AbstractDriverBasedDataSource.java:155) ~[spring-jdbc-4.2.5.RELEASE.jar:4.2.5.RELEASE]
	at org.springframework.jdbc.datasource.AbstractDriverBasedDataSource.getConnection(AbstractDriverBasedDataSource.java:120) ~[spring-jdbc-4.2.5.RELEASE.jar:4.2.5.RELEASE]
	at org.hibernate.engine.jdbc.connections.internal.DatasourceConnectionProviderImpl.getConnection(DatasourceConnectionProviderImpl.java:122) ~[hibernate-core-5.1.0.Final.jar:5.1.0.Final]
	at org.hibernate.internal.AbstractSessionImpl$NonContextualJdbcConnectionAccess.obtainConnection(AbstractSessionImpl.java:386) ~[hibernate-core-5.1.0.Final.jar:5.1.0.Final]
	at org.hibernate.resource.jdbc.internal.LogicalConnectionManagedImpl.acquireConnectionIfNeeded(LogicalConnectionManagedImpl.java:84) ~[hibernate-core-5.1.0.Final.jar:5.1.0.Final]
	... 41 common frames omitted
Caused by: java.net.SocketException: Network is unreachable: connect
	at java.net.DualStackPlainSocketImpl.connect0(Native Method) ~[na:1.8.0_181]
	at java.net.DualStackPlainSocketImpl.socketConnect(DualStackPlainSocketImpl.java:79) ~[na:1.8.0_181]
	at java.net.AbstractPlainSocketImpl.doConnect(AbstractPlainSocketImpl.java:350) ~[na:1.8.0_181]
	at java.net.AbstractPlainSocketImpl.connectToAddress(AbstractPlainSocketImpl.java:206) ~[na:1.8.0_181]
	at java.net.AbstractPlainSocketImpl.connect(AbstractPlainSocketImpl.java:188) ~[na:1.8.0_181]
	at java.net.PlainSocketImpl.connect(PlainSocketImpl.java:172) ~[na:1.8.0_181]
	at java.net.SocksSocketImpl.connect(SocksSocketImpl.java:392) ~[na:1.8.0_181]
	at java.net.Socket.connect(Socket.java:589) ~[na:1.8.0_181]
	at java.net.Socket.connect(Socket.java:538) ~[na:1.8.0_181]
	at java.net.Socket.<init>(Socket.java:434) ~[na:1.8.0_181]
	at java.net.Socket.<init>(Socket.java:244) ~[na:1.8.0_181]
	at com.mysql.jdbc.StandardSocketFactory.connect(StandardSocketFactory.java:253) ~[mysql-connector-java-5.1.6.jar:na]
	at com.mysql.jdbc.MysqlIO.<init>(MysqlIO.java:280) ~[mysql-connector-java-5.1.6.jar:na]
	at com.mysql.jdbc.ConnectionImpl.createNewIO(ConnectionImpl.java:2026) ~[mysql-connector-java-5.1.6.jar:na]
	... 59 common frames omitted
2020-03-06 08:56:17,767 [pool-7-thread-1][][][][][][][] WARN org.hibernate.engine.jdbc.spi.SqlExceptionHelper - SQL Error: 0, SQLState: 08S01
2020-03-06 08:56:20,133 [pool-7-thread-1][][][][][][][] ERROR org.hibernate.engine.jdbc.spi.SqlExceptionHelper - Communications link failure

Last packet sent to the server was 0 ms ago.
2020-03-06 08:56:20,219 [pool-7-thread-1][][][][][][][] ERROR org.springframework.scheduling.support.TaskUtils$LoggingErrorHandler - Unexpected error occurred in scheduled task.
org.springframework.transaction.CannotCreateTransactionException: Could not open JPA EntityManager for transaction; nested exception is javax.persistence.PersistenceException: org.hibernate.exception.JDBCConnectionException: Unable to acquire JDBC Connection
	at org.springframework.orm.jpa.JpaTransactionManager.doBegin(JpaTransactionManager.java:431) ~[spring-orm-4.2.5.RELEASE.jar:4.2.5.RELEASE]
	at org.springframework.transaction.support.AbstractPlatformTransactionManager.getTransaction(AbstractPlatformTransactionManager.java:373) ~[spring-tx-4.2.5.RELEASE.jar:4.2.5.RELEASE]
	at org.springframework.transaction.interceptor.TransactionAspectSupport.createTransactionIfNecessary(TransactionAspectSupport.java:427) ~[spring-tx-4.2.5.RELEASE.jar:4.2.5.RELEASE]
	at org.springframework.transaction.interceptor.TransactionAspectSupport.invokeWithinTransaction(TransactionAspectSupport.java:276) ~[spring-tx-4.2.5.RELEASE.jar:4.2.5.RELEASE]
	at org.springframework.transaction.interceptor.TransactionInterceptor.invoke(TransactionInterceptor.java:96) ~[spring-tx-4.2.5.RELEASE.jar:4.2.5.RELEASE]
	at org.springframework.aop.framework.ReflectiveMethodInvocation.proceed(ReflectiveMethodInvocation.java:179) ~[spring-aop-4.2.5.RELEASE.jar:4.2.5.RELEASE]
	at org.springframework.aop.framework.JdkDynamicAopProxy.invoke(JdkDynamicAopProxy.java:208) ~[spring-aop-4.2.5.RELEASE.jar:4.2.5.RELEASE]
	at com.sun.proxy.$Proxy417.runScheduler12AMTO1AM(Unknown Source) ~[na:na]
	at com.fuso.enterprise.ots.srv.rest.ws.service.OTSOrder_WsImpl.scheduleFixed12AM(OTSOrder_WsImpl.java:344) ~[ots-server-ws-18.25-SNAPSHOT.jar:na]
	at com.fuso.enterprise.ots.srv.rest.ws.service.OTSOrder_WsImpl$$FastClassBySpringCGLIB$$928c893c.invoke(<generated>) ~[ots-server-ws-18.25-SNAPSHOT.jar:na]
	at org.springframework.cglib.proxy.MethodProxy.invoke(MethodProxy.java:204) ~[spring-core-4.2.5.RELEASE.jar:4.2.5.RELEASE]
	at org.springframework.aop.framework.CglibAopProxy$CglibMethodInvocation.invokeJoinpoint(CglibAopProxy.java:720) ~[spring-aop-4.2.5.RELEASE.jar:4.2.5.RELEASE]
	at org.springframework.aop.framework.ReflectiveMethodInvocation.proceed(ReflectiveMethodInvocation.java:157) ~[spring-aop-4.2.5.RELEASE.jar:4.2.5.RELEASE]
	at org.springframework.validation.beanvalidation.MethodValidationInterceptor.invoke(MethodValidationInterceptor.java:139) ~[spring-context-4.2.5.RELEASE.jar:4.2.5.RELEASE]
	at org.springframework.aop.framework.ReflectiveMethodInvocation.proceed(ReflectiveMethodInvocation.java:179) ~[spring-aop-4.2.5.RELEASE.jar:4.2.5.RELEASE]
	at org.springframework.validation.beanvalidation.MethodValidationInterceptor.invoke(MethodValidationInterceptor.java:139) ~[spring-context-4.2.5.RELEASE.jar:4.2.5.RELEASE]
	at org.springframework.aop.framework.ReflectiveMethodInvocation.proceed(ReflectiveMethodInvocation.java:179) ~[spring-aop-4.2.5.RELEASE.jar:4.2.5.RELEASE]
	at org.springframework.aop.framework.CglibAopProxy$DynamicAdvisedInterceptor.intercept(CglibAopProxy.java:655) ~[spring-aop-4.2.5.RELEASE.jar:4.2.5.RELEASE]
	at com.fuso.enterprise.ots.srv.rest.ws.service.OTSOrder_WsImpl$$EnhancerBySpringCGLIB$$134cc7da.scheduleFixed12AM(<generated>) ~[ots-server-ws-18.25-SNAPSHOT.jar:na]
	at sun.reflect.NativeMethodAccessorImpl.invoke0(Native Method) ~[na:1.8.0_181]
	at sun.reflect.NativeMethodAccessorImpl.invoke(NativeMethodAccessorImpl.java:62) ~[na:1.8.0_181]
	at sun.reflect.DelegatingMethodAccessorImpl.invoke(DelegatingMethodAccessorImpl.java:43) ~[na:1.8.0_181]
	at java.lang.reflect.Method.invoke(Method.java:498) ~[na:1.8.0_181]
	at org.springframework.scheduling.support.ScheduledMethodRunnable.run(ScheduledMethodRunnable.java:65) ~[spring-context-4.2.5.RELEASE.jar:4.2.5.RELEASE]
	at org.springframework.scheduling.support.DelegatingErrorHandlingRunnable.run(DelegatingErrorHandlingRunnable.java:54) ~[spring-context-4.2.5.RELEASE.jar:4.2.5.RELEASE]
	at org.springframework.scheduling.concurrent.ReschedulingRunnable.run(ReschedulingRunnable.java:81) [spring-context-4.2.5.RELEASE.jar:4.2.5.RELEASE]
	at java.util.concurrent.Executors$RunnableAdapter.call(Executors.java:511) [na:1.8.0_181]
	at java.util.concurrent.FutureTask.run(FutureTask.java:266) [na:1.8.0_181]
	at java.util.concurrent.ScheduledThreadPoolExecutor$ScheduledFutureTask.access$201(ScheduledThreadPoolExecutor.java:180) [na:1.8.0_181]
	at java.util.concurrent.ScheduledThreadPoolExecutor$ScheduledFutureTask.run(ScheduledThreadPoolExecutor.java:293) [na:1.8.0_181]
	at java.util.concurrent.ThreadPoolExecutor.runWorker(ThreadPoolExecutor.java:1149) [na:1.8.0_181]
	at java.util.concurrent.ThreadPoolExecutor$Worker.run(ThreadPoolExecutor.java:624) [na:1.8.0_181]
	at java.lang.Thread.run(Thread.java:748) [na:1.8.0_181]
Caused by: javax.persistence.PersistenceException: org.hibernate.exception.JDBCConnectionException: Unable to acquire JDBC Connection
	at org.hibernate.jpa.spi.AbstractEntityManagerImpl.convert(AbstractEntityManagerImpl.java:1692) ~[hibernate-entitymanager-5.1.0.Final.jar:5.1.0.Final]
	at org.hibernate.jpa.spi.AbstractEntityManagerImpl.convert(AbstractEntityManagerImpl.java:1602) ~[hibernate-entitymanager-5.1.0.Final.jar:5.1.0.Final]
	at org.hibernate.jpa.spi.AbstractEntityManagerImpl.throwPersistenceException(AbstractEntityManagerImpl.java:1700) ~[hibernate-entitymanager-5.1.0.Final.jar:5.1.0.Final]
	at org.hibernate.jpa.internal.TransactionImpl.begin(TransactionImpl.java:48) ~[hibernate-entitymanager-5.1.0.Final.jar:5.1.0.Final]
	at org.springframework.orm.jpa.vendor.HibernateJpaDialect.beginTransaction(HibernateJpaDialect.java:170) ~[spring-orm-4.2.5.RELEASE.jar:4.2.5.RELEASE]
	at org.springframework.orm.jpa.JpaTransactionManager.doBegin(JpaTransactionManager.java:380) ~[spring-orm-4.2.5.RELEASE.jar:4.2.5.RELEASE]
	... 32 common frames omitted
Caused by: org.hibernate.exception.JDBCConnectionException: Unable to acquire JDBC Connection
	at org.hibernate.exception.internal.SQLStateConversionDelegate.convert(SQLStateConversionDelegate.java:115) ~[hibernate-core-5.1.0.Final.jar:5.1.0.Final]
	at org.hibernate.exception.internal.StandardSQLExceptionConverter.convert(StandardSQLExceptionConverter.java:42) ~[hibernate-core-5.1.0.Final.jar:5.1.0.Final]
	at org.hibernate.engine.jdbc.spi.SqlExceptionHelper.convert(SqlExceptionHelper.java:111) ~[hibernate-core-5.1.0.Final.jar:5.1.0.Final]
	at org.hibernate.engine.jdbc.spi.SqlExceptionHelper.convert(SqlExceptionHelper.java:97) ~[hibernate-core-5.1.0.Final.jar:5.1.0.Final]
	at org.hibernate.resource.jdbc.internal.LogicalConnectionManagedImpl.acquireConnectionIfNeeded(LogicalConnectionManagedImpl.java:87) ~[hibernate-core-5.1.0.Final.jar:5.1.0.Final]
	at org.hibernate.resource.jdbc.internal.LogicalConnectionManagedImpl.getPhysicalConnection(LogicalConnectionManagedImpl.java:109) ~[hibernate-core-5.1.0.Final.jar:5.1.0.Final]
	at org.hibernate.resource.jdbc.internal.LogicalConnectionManagedImpl.getConnectionForTransactionManagement(LogicalConnectionManagedImpl.java:227) ~[hibernate-core-5.1.0.Final.jar:5.1.0.Final]
	at org.hibernate.resource.jdbc.internal.LogicalConnectionManagedImpl.begin(LogicalConnectionManagedImpl.java:234) ~[hibernate-core-5.1.0.Final.jar:5.1.0.Final]
	at org.hibernate.resource.transaction.backend.jdbc.internal.JdbcResourceLocalTransactionCoordinatorImpl$TransactionDriverControlImpl.begin(JdbcResourceLocalTransactionCoordinatorImpl.java:214) ~[hibernate-core-5.1.0.Final.jar:5.1.0.Final]
	at org.hibernate.engine.transaction.internal.TransactionImpl.begin(TransactionImpl.java:52) ~[hibernate-core-5.1.0.Final.jar:5.1.0.Final]
	at org.hibernate.internal.SessionImpl.beginTransaction(SessionImpl.java:1525) ~[hibernate-core-5.1.0.Final.jar:5.1.0.Final]
	at org.hibernate.jpa.internal.TransactionImpl.begin(TransactionImpl.java:45) ~[hibernate-entitymanager-5.1.0.Final.jar:5.1.0.Final]
	... 34 common frames omitted
Caused by: com.mysql.jdbc.exceptions.jdbc4.CommunicationsException: Communications link failure

Last packet sent to the server was 0 ms ago.
	at sun.reflect.NativeConstructorAccessorImpl.newInstance0(Native Method) ~[na:1.8.0_181]
	at sun.reflect.NativeConstructorAccessorImpl.newInstance(NativeConstructorAccessorImpl.java:62) ~[na:1.8.0_181]
	at sun.reflect.DelegatingConstructorAccessorImpl.newInstance(DelegatingConstructorAccessorImpl.java:45) ~[na:1.8.0_181]
	at java.lang.reflect.Constructor.newInstance(Constructor.java:423) ~[na:1.8.0_181]
	at com.mysql.jdbc.Util.handleNewInstance(Util.java:406) ~[mysql-connector-java-5.1.6.jar:na]
	at com.mysql.jdbc.SQLError.createCommunicationsException(SQLError.java:1074) ~[mysql-connector-java-5.1.6.jar:na]
	at com.mysql.jdbc.ConnectionImpl.createNewIO(ConnectionImpl.java:2103) ~[mysql-connector-java-5.1.6.jar:na]
	at com.mysql.jdbc.ConnectionImpl.<init>(ConnectionImpl.java:718) ~[mysql-connector-java-5.1.6.jar:na]
	at com.mysql.jdbc.JDBC4Connection.<init>(JDBC4Connection.java:46) ~[mysql-connector-java-5.1.6.jar:na]
	at sun.reflect.NativeConstructorAccessorImpl.newInstance0(Native Method) ~[na:1.8.0_181]
	at sun.reflect.NativeConstructorAccessorImpl.newInstance(NativeConstructorAccessorImpl.java:62) ~[na:1.8.0_181]
	at sun.reflect.DelegatingConstructorAccessorImpl.newInstance(DelegatingConstructorAccessorImpl.java:45) ~[na:1.8.0_181]
	at java.lang.reflect.Constructor.newInstance(Constructor.java:423) ~[na:1.8.0_181]
	at com.mysql.jdbc.Util.handleNewInstance(Util.java:406) ~[mysql-connector-java-5.1.6.jar:na]
	at com.mysql.jdbc.ConnectionImpl.getInstance(ConnectionImpl.java:302) ~[mysql-connector-java-5.1.6.jar:na]
	at com.mysql.jdbc.NonRegisteringDriver.connect(NonRegisteringDriver.java:282) ~[mysql-connector-java-5.1.6.jar:na]
	at java.sql.DriverManager.getConnection(DriverManager.java:664) ~[na:1.8.0_181]
	at java.sql.DriverManager.getConnection(DriverManager.java:208) ~[na:1.8.0_181]
	at org.springframework.jdbc.datasource.DriverManagerDataSource.getConnectionFromDriverManager(DriverManagerDataSource.java:153) ~[spring-jdbc-4.2.5.RELEASE.jar:4.2.5.RELEASE]
	at org.springframework.jdbc.datasource.DriverManagerDataSource.getConnectionFromDriver(DriverManagerDataSource.java:144) ~[spring-jdbc-4.2.5.RELEASE.jar:4.2.5.RELEASE]
	at org.springframework.jdbc.datasource.AbstractDriverBasedDataSource.getConnectionFromDriver(AbstractDriverBasedDataSource.java:155) ~[spring-jdbc-4.2.5.RELEASE.jar:4.2.5.RELEASE]
	at org.springframework.jdbc.datasource.AbstractDriverBasedDataSource.getConnection(AbstractDriverBasedDataSource.java:120) ~[spring-jdbc-4.2.5.RELEASE.jar:4.2.5.RELEASE]
	at org.hibernate.engine.jdbc.connections.internal.DatasourceConnectionProviderImpl.getConnection(DatasourceConnectionProviderImpl.java:122) ~[hibernate-core-5.1.0.Final.jar:5.1.0.Final]
	at org.hibernate.internal.AbstractSessionImpl$NonContextualJdbcConnectionAccess.obtainConnection(AbstractSessionImpl.java:386) ~[hibernate-core-5.1.0.Final.jar:5.1.0.Final]
	at org.hibernate.resource.jdbc.internal.LogicalConnectionManagedImpl.acquireConnectionIfNeeded(LogicalConnectionManagedImpl.java:84) ~[hibernate-core-5.1.0.Final.jar:5.1.0.Final]
	... 41 common frames omitted
Caused by: java.net.SocketException: Network is unreachable: connect
	at java.net.DualStackPlainSocketImpl.connect0(Native Method) ~[na:1.8.0_181]
	at java.net.DualStackPlainSocketImpl.socketConnect(DualStackPlainSocketImpl.java:79) ~[na:1.8.0_181]
	at java.net.AbstractPlainSocketImpl.doConnect(AbstractPlainSocketImpl.java:350) ~[na:1.8.0_181]
	at java.net.AbstractPlainSocketImpl.connectToAddress(AbstractPlainSocketImpl.java:206) ~[na:1.8.0_181]
	at java.net.AbstractPlainSocketImpl.connect(AbstractPlainSocketImpl.java:188) ~[na:1.8.0_181]
	at java.net.PlainSocketImpl.connect(PlainSocketImpl.java:172) ~[na:1.8.0_181]
	at java.net.SocksSocketImpl.connect(SocksSocketImpl.java:392) ~[na:1.8.0_181]
	at java.net.Socket.connect(Socket.java:589) ~[na:1.8.0_181]
	at java.net.Socket.connect(Socket.java:538) ~[na:1.8.0_181]
	at java.net.Socket.<init>(Socket.java:434) ~[na:1.8.0_181]
	at java.net.Socket.<init>(Socket.java:244) ~[na:1.8.0_181]
	at com.mysql.jdbc.StandardSocketFactory.connect(StandardSocketFactory.java:253) ~[mysql-connector-java-5.1.6.jar:na]
	at com.mysql.jdbc.MysqlIO.<init>(MysqlIO.java:280) ~[mysql-connector-java-5.1.6.jar:na]
	at com.mysql.jdbc.ConnectionImpl.createNewIO(ConnectionImpl.java:2026) ~[mysql-connector-java-5.1.6.jar:na]
	... 59 common frames omitted
2020-03-06 17:15:07,437 [Thread-1][][][][][][][] INFO org.springframework.web.context.support.XmlWebApplicationContext - Closing WebApplicationContext for namespace 'mvc-servlet': startup date [Wed Mar 04 17:44:58 IST 2020]; parent: Root WebApplicationContext
2020-03-06 17:15:07,522 [Thread-1][][][][][][][] INFO org.springframework.web.context.support.XmlWebApplicationContext - Closing Root WebApplicationContext: startup date [Wed Mar 04 17:44:57 IST 2020]; parent: Root WebApplicationContext
2020-03-06 17:15:07,702 [Thread-1][][][][][][][] INFO org.springframework.web.context.support.XmlWebApplicationContext - Closing Root WebApplicationContext: startup date [Wed Mar 04 17:44:51 IST 2020]; root of context hierarchy
2020-03-06 17:15:07,751 [Thread-1][][][][][][][] INFO org.springframework.orm.jpa.LocalContainerEntityManagerFactoryBean - Closing JPA EntityManagerFactory for persistence unit 'iptModel'
